[backblue.gif]
[fade.gif]
[index.html]
[html.kodesolution.live/s/autocarepress/v2.0/demo/images/favicon.png]
[html.kodesolution.live/s/autocarepress/v2.0/demo/images/apple-touch-icon.png]
[html.kodesolution.live/s/autocarepress/v2.0/demo/images/apple-touch-icon-72x72.png]
[html.kodesolution.live/s/autocarepress/v2.0/demo/images/apple-touch-icon-114x114.png]
[html.kodesolution.live/s/autocarepress/v2.0/demo/images/apple-touch-icon-144x144.png]
[html.kodesolution.live/s/autocarepress/v2.0/demo/js/jquery-2.2.4.min.js]
[html.kodesolution.live/s/autocarepress/v2.0/demo/js/jquery-ui.min.js]
[html.kodesolution.live/s/autocarepress/v2.0/demo/js/bootstrap.min.js]
[html.kodesolution.live/s/autocarepress/v2.0/demo/js/jquery-plugin-collection.js]
[html.kodesolution.live/s/autocarepress/v2.0/demo/js/revolution-slider/js/jquery.themepunch.tools.min.js]
[html.kodesolution.live/s/autocarepress/v2.0/demo/js/revolution-slider/js/jquery.themepunch.revolution.min.js]
[html.kodesolution.live/s/autocarepress/v2.0/demo/images/preloaders/3.gif]
[html.kodesolution.live/s/autocarepress/v2.0/demo/images/logo-wide.png]
[html.kodesolution.live/s/autocarepress/v2.0/demo/images/bg/bg1.jpg]
[html.kodesolution.live/s/autocarepress/v2.0/demo/images/bg/bg2.jpg]
[html.kodesolution.live/s/autocarepress/v2.0/demo/images/bg/bg3.jpg]
[html.kodesolution.live/s/autocarepress/v2.0/demo/images/about/a4.png]
[html.kodesolution.live/s/autocarepress/v2.0/demo/images/about/1.jpg]
[html.kodesolution.live/s/autocarepress/v2.0/demo/images/about/2.jpg]
[html.kodesolution.live/s/autocarepress/v2.0/demo/images/about/3.jpg]
[html.kodesolution.live/s/autocarepress/v2.0/demo/images/about/4.jpg]
[html.kodesolution.live/s/autocarepress/v2.0/demo/images/about/5.jpg]
[html.kodesolution.live/s/autocarepress/v2.0/demo/images/about/6.jpg]
[html.kodesolution.live/s/autocarepress/v2.0/demo/images/team/sm1.jpg]
[html.kodesolution.live/s/autocarepress/v2.0/demo/images/team/sm2.jpg]
[html.kodesolution.live/s/autocarepress/v2.0/demo/images/team/sm3.jpg]
[html.kodesolution.live/s/autocarepress/v2.0/demo/images/team/sm4.jpg]
[html.kodesolution.live/s/autocarepress/v2.0/demo/images/gallery/1.jpg]
[html.kodesolution.live/s/autocarepress/v2.0/demo/images/gallery/2.jpg]
[html.kodesolution.live/s/autocarepress/v2.0/demo/images/gallery/3.jpg]
[html.kodesolution.live/s/autocarepress/v2.0/demo/images/gallery/4.jpg]
[html.kodesolution.live/s/autocarepress/v2.0/demo/images/gallery/5.jpg]
[html.kodesolution.live/s/autocarepress/v2.0/demo/images/gallery/10.jpg]
[html.kodesolution.live/s/autocarepress/v2.0/demo/images/gallery/11.jpg]
[html.kodesolution.live/s/autocarepress/v2.0/demo/images/gallery/12.jpg]
[html.kodesolution.live/s/autocarepress/v2.0/demo/images/gallery/6.jpg]
[html.kodesolution.live/s/autocarepress/v2.0/demo/images/gallery/7.jpg]
[html.kodesolution.live/s/autocarepress/v2.0/demo/images/gallery/8.jpg]
[html.kodesolution.live/s/autocarepress/v2.0/demo/images/gallery/9.jpg]
[html.kodesolution.live/s/autocarepress/v2.0/demo/images/testimonials/1.jpg]
[html.kodesolution.live/s/autocarepress/v2.0/demo/images/testimonials/2.jpg]
[html.kodesolution.live/s/autocarepress/v2.0/demo/images/testimonials/3.jpg]
[html.kodesolution.live/s/autocarepress/v2.0/demo/images/products/1.jpg]
[html.kodesolution.live/s/autocarepress/v2.0/demo/images/products/2.jpg]
[html.kodesolution.live/s/autocarepress/v2.0/demo/images/products/3.jpg]
[html.kodesolution.live/s/autocarepress/v2.0/demo/images/products/4.jpg]
[html.kodesolution.live/s/autocarepress/v2.0/demo/images/products/5.jpg]
[html.kodesolution.live/s/autocarepress/v2.0/demo/images/blog/1.jpg]
[html.kodesolution.live/s/autocarepress/v2.0/demo/images/blog/2.jpg]
[html.kodesolution.live/s/autocarepress/v2.0/demo/images/blog/3.jpg]
[html.kodesolution.live/s/autocarepress/v2.0/demo/images/about/a1.png]
[html.kodesolution.live/s/autocarepress/v2.0/demo/images/logo-wide-white-footer.png]
[html.kodesolution.live/s/autocarepress/v2.0/demo/images/blog/ln1.jpg]
[html.kodesolution.live/s/autocarepress/v2.0/demo/images/blog/ln2.jpg]
[html.kodesolution.live/s/autocarepress/v2.0/demo/images/blog/ln3.jpg]
[html.kodesolution.live/s/autocarepress/v2.0/demo/js/custom.js]
[html.kodesolution.live/s/autocarepress/v2.0/demo/js/revolution-slider/js/extensions/revolution.extension.actions.min.js]
[html.kodesolution.live/s/autocarepress/v2.0/demo/js/revolution-slider/js/extensions/revolution.extension.carousel.min.js]
[html.kodesolution.live/s/autocarepress/v2.0/demo/js/revolution-slider/js/extensions/revolution.extension.kenburn.min.js]
[html.kodesolution.live/s/autocarepress/v2.0/demo/js/revolution-slider/js/extensions/revolution.extension.layeranimation.min.js]
[html.kodesolution.live/s/autocarepress/v2.0/demo/js/revolution-slider/js/extensions/revolution.extension.migration.min.js]
[html.kodesolution.live/s/autocarepress/v2.0/demo/js/revolution-slider/js/extensions/revolution.extension.navigation.min.js]
[html.kodesolution.live/s/autocarepress/v2.0/demo/js/revolution-slider/js/extensions/revolution.extension.parallax.min.js]
[html.kodesolution.live/s/autocarepress/v2.0/demo/js/revolution-slider/js/extensions/revolution.extension.slideanims.min.js]
[html.kodesolution.live/s/autocarepress/v2.0/demo/js/revolution-slider/js/extensions/revolution.extension.video.min.js]
[html.kodesolution.live/s/autocarepress/v2.0/demo/index-sp-layout3.html]
[html.kodesolution.live/s/autocarepress/v2.0/demo/fonts/glyphicons-halflings-regular.eot]
[html.kodesolution.live/s/autocarepress/v2.0/demo/fonts/glyphicons-halflings-regular.woff2]
[html.kodesolution.live/s/autocarepress/v2.0/demo/fonts/glyphicons-halflings-regulard41d.eot]
[html.kodesolution.live/s/autocarepress/v2.0/demo/fonts/glyphicons-halflings-regular.woff]
[html.kodesolution.live/s/autocarepress/v2.0/demo/fonts/glyphicons-halflings-regular.ttf]
[html.kodesolution.live/s/autocarepress/v2.0/demo/css/bootstrap.min.css]
[html.kodesolution.live/s/autocarepress/v2.0/demo/css/images/ui-icons_444444_256x240.png]
[html.kodesolution.live/s/autocarepress/v2.0/demo/css/images/ui-icons_777777_256x240.png]
[html.kodesolution.live/s/autocarepress/v2.0/demo/css/images/ui-icons_555555_256x240.png]
[html.kodesolution.live/s/autocarepress/v2.0/demo/css/images/ui-icons_ffffff_256x240.png]
[html.kodesolution.live/s/autocarepress/v2.0/demo/css/images/ui-icons_777620_256x240.png]
[html.kodesolution.live/s/autocarepress/v2.0/demo/css/images/ui-icons_cc0000_256x240.png]
[html.kodesolution.live/s/autocarepress/v2.0/demo/css/jquery-ui.min.css]
[html.kodesolution.live/s/autocarepress/v2.0/demo/css/animate.css]
[html.kodesolution.live/s/autocarepress/v2.0/demo/css/lightbox/close.png]
[html.kodesolution.live/s/autocarepress/v2.0/demo/css/lightbox/loading.gif]
[html.kodesolution.live/s/autocarepress/v2.0/demo/css/lightbox/prev.png]
[html.kodesolution.live/s/autocarepress/v2.0/demo/css/lightbox/next.png]
[html.kodesolution.live/s/autocarepress/v2.0/demo/css/nivolightbox-themes/default/loading.gif]
[html.kodesolution.live/s/autocarepress/v2.0/demo/css/nivolightbox-themes/default/prev.png]
[html.kodesolution.live/s/autocarepress/v2.0/demo/css/nivolightbox-themes/default/next.png]
[html.kodesolution.live/s/autocarepress/v2.0/demo/css/nivolightbox-themes/default/close.png]
[html.kodesolution.live/s/autocarepress/v2.0/demo/css/nivolightbox-themes/default/loading@2x.gif]
[html.kodesolution.live/s/autocarepress/v2.0/demo/css/nivolightbox-themes/default/prev@2x.png]
[html.kodesolution.live/s/autocarepress/v2.0/demo/css/nivolightbox-themes/default/next@2x.png]
[html.kodesolution.live/s/autocarepress/v2.0/demo/css/nivolightbox-themes/default/close@2x.png]
[html.kodesolution.live/s/autocarepress/v2.0/demo/css/ytplayer/ytp-regular.eot]
[html.kodesolution.live/s/autocarepress/v2.0/demo/css/bxslider/images/bx_loader.gif]
[html.kodesolution.live/s/autocarepress/v2.0/demo/css/prettyPhoto/default/sprite.png]
[html.kodesolution.live/s/autocarepress/v2.0/demo/css/prettyPhoto/default/sprite_x.png]
[html.kodesolution.live/s/autocarepress/v2.0/demo/css/prettyPhoto/default/sprite_y.png]
[html.kodesolution.live/s/autocarepress/v2.0/demo/css/prettyPhoto/default/sprite_next.png]
[html.kodesolution.live/s/autocarepress/v2.0/demo/css/prettyPhoto/default/sprite_prev.png]
[html.kodesolution.live/s/autocarepress/v2.0/demo/css/prettyPhoto/default/default_thumb.png]
[html.kodesolution.live/s/autocarepress/v2.0/demo/css/prettyPhoto/default/loader.gif]
[html.kodesolution.live/s/autocarepress/v2.0/demo/css/prettyPhoto/light_rounded/sprite.png]
[html.kodesolution.live/s/autocarepress/v2.0/demo/css/prettyPhoto/light_rounded/btnNext.png]
[html.kodesolution.live/s/autocarepress/v2.0/demo/css/prettyPhoto/light_rounded/btnPrevious.png]
[html.kodesolution.live/s/autocarepress/v2.0/demo/css/prettyPhoto/dark_rounded/sprite.png]
[html.kodesolution.live/s/autocarepress/v2.0/demo/css/prettyPhoto/dark_rounded/contentPattern.png]
[html.kodesolution.live/s/autocarepress/v2.0/demo/css/prettyPhoto/dark_rounded/btnNext.png]
[html.kodesolution.live/s/autocarepress/v2.0/demo/css/prettyPhoto/dark_rounded/btnPrevious.png]
[html.kodesolution.live/s/autocarepress/v2.0/demo/css/prettyPhoto/dark_rounded/loader.gif]
[html.kodesolution.live/s/autocarepress/v2.0/demo/css/prettyPhoto/dark_square/loader.gif]
[html.kodesolution.live/s/autocarepress/v2.0/demo/css/prettyPhoto/dark_square/sprite.png]
[html.kodesolution.live/s/autocarepress/v2.0/demo/css/prettyPhoto/dark_square/btnNext.png]
[html.kodesolution.live/s/autocarepress/v2.0/demo/css/prettyPhoto/dark_square/btnPrevious.png]
[html.kodesolution.live/s/autocarepress/v2.0/demo/css/prettyPhoto/light_square/sprite.png]
[html.kodesolution.live/s/autocarepress/v2.0/demo/css/prettyPhoto/light_square/btnNext.png]
[html.kodesolution.live/s/autocarepress/v2.0/demo/css/prettyPhoto/light_square/btnPrevious.png]
[html.kodesolution.live/s/autocarepress/v2.0/demo/css/prettyPhoto/facebook/sprite.png]
[html.kodesolution.live/s/autocarepress/v2.0/demo/css/prettyPhoto/facebook/contentPatternTop.png]
[html.kodesolution.live/s/autocarepress/v2.0/demo/css/prettyPhoto/facebook/contentPatternLeft.png]
[html.kodesolution.live/s/autocarepress/v2.0/demo/css/prettyPhoto/facebook/contentPatternRight.png]
[html.kodesolution.live/s/autocarepress/v2.0/demo/css/prettyPhoto/facebook/loader.gif]
[html.kodesolution.live/s/autocarepress/v2.0/demo/css/prettyPhoto/facebook/btnNext.png]
[html.kodesolution.live/s/autocarepress/v2.0/demo/css/prettyPhoto/facebook/btnPrevious.png]
[html.kodesolution.live/s/autocarepress/v2.0/demo/css/prettyPhoto/facebook/contentPatternBottom.png]
[html.kodesolution.live/s/autocarepress/v2.0/demo/css/prettyPhoto/facebook/default_thumbnail.gif]
[html.kodesolution.live/s/autocarepress/v2.0/demo/css/prettyPhoto/light_rounded/loader.gif]
[html.kodesolution.live/s/autocarepress/v2.0/demo/css/css-plugin-collections.css]
[html.kodesolution.live/s/autocarepress/v2.0/demo/css/menuzord-skins/menuzord-rounded-boxed.css]
[html.kodesolution.live/s/autocarepress/v2.0/demo/images/pattern1.png]
[html.kodesolution.live/s/autocarepress/v2.0/demo/images/pattern2.png]
[html.kodesolution.live/s/autocarepress/v2.0/demo/images/pattern3.png]
[html.kodesolution.live/s/autocarepress/v2.0/demo/images/close.png]
[html.kodesolution.live/s/autocarepress/v2.0/demo/images/shadow-overlay.png]
[html.kodesolution.live/s/autocarepress/v2.0/demo/images/title-dots.png]
[html.kodesolution.live/s/autocarepress/v2.0/demo/css/style-main.css]
[html.kodesolution.live/s/autocarepress/v2.0/demo/css/preloader.css]
[html.kodesolution.live/s/autocarepress/v2.0/demo/css/custom-bootstrap-margin-padding.css]
[html.kodesolution.live/s/autocarepress/v2.0/demo/css/responsive.css]
[html.kodesolution.live/s/autocarepress/v2.0/demo/js/revolution-slider/fonts/revicons/revicons90c6.eot]
[html.kodesolution.live/s/autocarepress/v2.0/demo/js/revolution-slider/fonts/revicons/revicons90c6.woff]
[html.kodesolution.live/s/autocarepress/v2.0/demo/js/revolution-slider/fonts/revicons/revicons90c6.ttf]
[html.kodesolution.live/s/autocarepress/v2.0/demo/js/revolution-slider/assets/gridtile.png]
[html.kodesolution.live/s/autocarepress/v2.0/demo/js/revolution-slider/assets/gridtile_white.png]
[html.kodesolution.live/s/autocarepress/v2.0/demo/js/revolution-slider/assets/gridtile_3x3.png]
[html.kodesolution.live/s/autocarepress/v2.0/demo/js/revolution-slider/assets/gridtile_3x3_white.png]
[html.kodesolution.live/s/autocarepress/v2.0/demo/js/revolution-slider/assets/coloredbg.png]
[html.kodesolution.live/s/autocarepress/v2.0/demo/js/revolution-slider/assets/loader.gif]
[html.kodesolution.live/s/autocarepress/v2.0/demo/js/revolution-slider/css/settings.css]
[html.kodesolution.live/s/autocarepress/v2.0/demo/js/revolution-slider/css/layers.css]
[html.kodesolution.live/s/autocarepress/v2.0/demo/js/revolution-slider/css/navigation.css]
[html.kodesolution.live/s/autocarepress/v2.0/demo/css/colors/theme-skin-sky-blue-light.css]
[html.kodesolution.live/s/autocarepress/v2.0/demo/ajax-load/reservation-form.html]
[html.kodesolution.live/s/autocarepress/v2.0/demo/js/jquery-plugin-collection.js]
[html.kodesolution.live/s/autocarepress/v2.0/demo/images/about/d1.jpg]
[html.kodesolution.live/s/autocarepress/v2.0/demo/images/about/d2.jpg]
[html.kodesolution.live/s/autocarepress/v2.0/demo/images/about/d3.jpg]
[html.kodesolution.live/s/autocarepress/v2.0/demo/images/about/7.jpg]
[html.kodesolution.live/s/autocarepress/v2.0/demo/images/about/10.jpg]
[html.kodesolution.live/s/autocarepress/v2.0/demo/images/portfolio/food1.jpg]
[html.kodesolution.live/s/autocarepress/v2.0/demo/images/portfolio/food2.jpg]
[html.kodesolution.live/s/autocarepress/v2.0/demo/images/portfolio/food3.jpg]
[html.kodesolution.live/s/autocarepress/v2.0/demo/images/portfolio/food4.jpg]
[html.kodesolution.live/s/autocarepress/v2.0/demo/images/portfolio/food5.jpg]
[html.kodesolution.live/s/autocarepress/v2.0/demo/images/portfolio/food6.jpg]
[html.kodesolution.live/s/autocarepress/v2.0/demo/images/clients/w1.png]
[html.kodesolution.live/s/autocarepress/v2.0/demo/images/clients/w2.png]
[html.kodesolution.live/s/autocarepress/v2.0/demo/images/clients/w3.png]
[html.kodesolution.live/s/autocarepress/v2.0/demo/images/clients/w4.png]
[html.kodesolution.live/s/autocarepress/v2.0/demo/images/clients/w5.png]
[html.kodesolution.live/s/autocarepress/v2.0/demo/images/clients/w6.png]
[html.kodesolution.live/s/autocarepress/v2.0/demo/index-mp-layout1.html]
[html.kodesolution.live/s/autocarepress/v2.0/demo/page-teachers-details.html]
[html.kodesolution.live/s/autocarepress/v2.0/demo/images/about/a4.png]
[html.kodesolution.live/s/autocarepress/v2.0/demo/images/photos/4.png]
[html.kodesolution.live/s/autocarepress/v2.0/demo/images/products/8.jpg]
[html.kodesolution.live/s/autocarepress/v2.0/demo/shop-cart.html]
[html.kodesolution.live/s/autocarepress/v2.0/demo/images/products/lg1.jpg]
[html.kodesolution.live/s/autocarepress/v2.0/demo/images/products/6.jpg]
[html.kodesolution.live/s/autocarepress/v2.0/demo/shop-product-details.html]
[html.kodesolution.live/s/autocarepress/v2.0/demo/images/blog/author.jpg]
[html.kodesolution.live/s/autocarepress/v2.0/demo/images/blog/comment1.jpg]
[html.kodesolution.live/s/autocarepress/v2.0/demo/images/blog/comment2.jpg]
[html.kodesolution.live/s/autocarepress/v2.0/demo/images/blog/comment3.jpg]
[html.kodesolution.live/s/autocarepress/v2.0/demo/blog-single-left-sidebar.html]
[html.kodesolution.live/s/autocarepress/v2.0/demo/fonts/glyphicons-halflings-regular.svg]
[html.kodesolution.live/s/autocarepress/v2.0/demo/css/owl.video.play.html]
[html.kodesolution.live/s/autocarepress/v2.0/demo/css/fonts/flexslider-icon.html]
[html.kodesolution.live/s/autocarepress/v2.0/demo/css/fonts/flexslider-icond41d.html]
[html.kodesolution.live/s/autocarepress/v2.0/demo/css/fonts/flexslider-icon-2.html]
[html.kodesolution.live/s/autocarepress/v2.0/demo/css/fonts/flexslider-icon-3.html]
[html.kodesolution.live/s/autocarepress/v2.0/demo/css/fonts/flexslider-icon-4.html]
[html.kodesolution.live/s/autocarepress/v2.0/demo/css/bxslider/images/arrow-left.html]
[html.kodesolution.live/s/autocarepress/v2.0/demo/css/bxslider/images/arrow-right.html]
[html.kodesolution.live/s/autocarepress/v2.0/demo/fonts/fontawesome-webfont3295.eot]
[html.kodesolution.live/s/autocarepress/v2.0/demo/fonts/fontawesome-webfontd41d.eot]
[html.kodesolution.live/s/autocarepress/v2.0/demo/fonts/fontawesome-webfont3295.woff2]
[html.kodesolution.live/s/autocarepress/v2.0/demo/fonts/fontawesome-webfont3295.woff]
[html.kodesolution.live/s/autocarepress/v2.0/demo/fonts/fontawesome-webfont3295.ttf]
[html.kodesolution.live/s/autocarepress/v2.0/demo/css/font-awesome.min.css]
[html.kodesolution.live/s/autocarepress/v2.0/demo/css/font-awesome-animation.min.css]
[html.kodesolution.live/s/autocarepress/v2.0/demo/fonts/Pe-icon-7-strokebb1d.eot]
[html.kodesolution.live/s/autocarepress/v2.0/demo/fonts/Pe-icon-7-stroked41d.eot]
[html.kodesolution.live/s/autocarepress/v2.0/demo/fonts/Pe-icon-7-strokebb1d.woff]
[html.kodesolution.live/s/autocarepress/v2.0/demo/fonts/Pe-icon-7-strokebb1d.ttf]
[html.kodesolution.live/s/autocarepress/v2.0/demo/css/pe-icon-7-stroke.css]
[html.kodesolution.live/s/autocarepress/v2.0/demo/fonts/icomoon/fonts/icomoona1c7.eot]
[html.kodesolution.live/s/autocarepress/v2.0/demo/fonts/icomoon/fonts/icomoona1c7.ttf]
[html.kodesolution.live/s/autocarepress/v2.0/demo/fonts/icomoon/fonts/icomoona1c7.woff]
[html.kodesolution.live/s/autocarepress/v2.0/demo/fonts/icomoon/style.css]
[html.kodesolution.live/s/autocarepress/v2.0/demo/fonts/flaticons/flaticon-set-carfixing.eot]
[html.kodesolution.live/s/autocarepress/v2.0/demo/fonts/flaticons/flaticon-set-carfixing.woff]
[html.kodesolution.live/s/autocarepress/v2.0/demo/fonts/flaticons/flaticon-set-carfixingd41d.eot]
[html.kodesolution.live/s/autocarepress/v2.0/demo/fonts/flaticons/flaticon-set-carfixing.ttf]
[html.kodesolution.live/s/autocarepress/v2.0/demo/css/flaticon-set-carfixing.css]
[html.kodesolution.live/s/autocarepress/v2.0/demo/css/utility-classes.css]
[html.kodesolution.live/s/autocarepress/v2.0/demo/js/revolution-slider/fonts/revicons/revicons90c6.svg]
[html.kodesolution.live/s/autocarepress/v2.0/demo/js/revolution-slider/css/openhand.html]
[html.kodesolution.live/s/autocarepress/v2.0/demo/js/revolution-slider/css/closedhand.html]
[html.kodesolution.live/s/autocarepress/v2.0/demo/images/about/a2.png]
[html.kodesolution.live/s/autocarepress/v2.0/demo/images/about/ab1.jpg]
[html.kodesolution.live/s/autocarepress/v2.0/demo/images/project/1.jpg]
[html.kodesolution.live/s/autocarepress/v2.0/demo/images/project/2.jpg]
[html.kodesolution.live/s/autocarepress/v2.0/demo/images/project/3.jpg]
[html.kodesolution.live/s/autocarepress/v2.0/demo/images/project/4.jpg]
[html.kodesolution.live/s/autocarepress/v2.0/demo/images/project/5.jpg]
[html.kodesolution.live/s/autocarepress/v2.0/demo/images/project/6.jpg]
[html.kodesolution.live/s/autocarepress/v2.0/demo/images/about/2.png]
[html.kodesolution.live/s/autocarepress/v2.0/demo/index-mp-layout2.html]
[html.kodesolution.live/s/autocarepress/v2.0/demo/index-mp-layout3.html]
[html.kodesolution.live/s/autocarepress/v2.0/demo/images/team/1.jpg]
[html.kodesolution.live/s/autocarepress/v2.0/demo/images/team/2.jpg]
[html.kodesolution.live/s/autocarepress/v2.0/demo/images/team/3.jpg]
[html.kodesolution.live/s/autocarepress/v2.0/demo/images/team/4.jpg]
[html.kodesolution.live/s/autocarepress/v2.0/demo/index-mp-layout4.html]
[html.kodesolution.live/s/autocarepress/v2.0/demo/index-sp-layout1.html]
[html.kodesolution.live/s/autocarepress/v2.0/demo/index-sp-layout2.html]
[html.kodesolution.live/s/autocarepress/v2.0/demo/index-sp-layout4.html]
[html.kodesolution.live/s/autocarepress/v2.0/demo/index-boxed-mp-layout1.html]
[html.kodesolution.live/s/autocarepress/v2.0/demo/index-boxed-mp-layout2.html]
[html.kodesolution.live/s/autocarepress/v2.0/demo/index-boxed-mp-layout3.html]
[html.kodesolution.live/s/autocarepress/v2.0/demo/index-boxed-mp-layout4.html]
[html.kodesolution.live/s/autocarepress/v2.0/demo/index-boxed-sp-layout1.html]
[html.kodesolution.live/s/autocarepress/v2.0/demo/index-boxed-sp-layout2.html]
[html.kodesolution.live/s/autocarepress/v2.0/demo/index-boxed-sp-layout3.html]
[html.kodesolution.live/s/autocarepress/v2.0/demo/index-boxed-sp-layout4.html]
[html.kodesolution.live/s/autocarepress/v2.0/demo/index-rtl-mp-layout1.html]
[html.kodesolution.live/s/autocarepress/v2.0/demo/index-rtl-mp-layout2.html]
[html.kodesolution.live/s/autocarepress/v2.0/demo/index-rtl-mp-layout3.html]
[html.kodesolution.live/s/autocarepress/v2.0/demo/index-rtl-mp-layout4.html]
[html.kodesolution.live/s/autocarepress/v2.0/demo/index-rtl-sp-layout1.html]
[html.kodesolution.live/s/autocarepress/v2.0/demo/index-rtl-sp-layout2.html]
[html.kodesolution.live/s/autocarepress/v2.0/demo/index-rtl-sp-layout3.html]
[html.kodesolution.live/s/autocarepress/v2.0/demo/index-rtl-sp-layout4.html]
[html.kodesolution.live/s/autocarepress/v2.0/demo/images/logo-wide-white.png]
[html.kodesolution.live/s/autocarepress/v2.0/demo/index-dark-mp-layout1.html]
[html.kodesolution.live/s/autocarepress/v2.0/demo/index-dark-mp-layout2.html]
[html.kodesolution.live/s/autocarepress/v2.0/demo/index-dark-mp-layout3.html]
[html.kodesolution.live/s/autocarepress/v2.0/demo/index-dark-mp-layout4.html]
[html.kodesolution.live/s/autocarepress/v2.0/demo/index-dark-sp-layout1.html]
[html.kodesolution.live/s/autocarepress/v2.0/demo/index-dark-sp-layout2.html]
[html.kodesolution.live/s/autocarepress/v2.0/demo/index-dark-sp-layout3.html]
[html.kodesolution.live/s/autocarepress/v2.0/demo/index-dark-sp-layout4.html]
[html.kodesolution.live/s/autocarepress/v2.0/demo/images/magazine/lg2.jpg]
[html.kodesolution.live/s/autocarepress/v2.0/demo/images/magazine/wn2-md1.jpg]
[html.kodesolution.live/s/autocarepress/v2.0/demo/images/magazine/wn2-md2.jpg]
[html.kodesolution.live/s/autocarepress/v2.0/demo/images/magazine/wn2-sm1.jpg]
[html.kodesolution.live/s/autocarepress/v2.0/demo/images/magazine/wn2-sm2.jpg]
[html.kodesolution.live/s/autocarepress/v2.0/demo/images/magazine/wn2-sm3.jpg]
[html.kodesolution.live/s/autocarepress/v2.0/demo/images/magazine/wn2-sm4.jpg]
[html.kodesolution.live/s/autocarepress/v2.0/demo/images/magazine/fn-md1.jpg]
[html.kodesolution.live/s/autocarepress/v2.0/demo/images/magazine/fn-md2.jpg]
[html.kodesolution.live/s/autocarepress/v2.0/demo/images/magazine/fn-md3.jpg]
[html.kodesolution.live/s/autocarepress/v2.0/demo/images/magazine/fn-md4.jpg]
[html.kodesolution.live/s/autocarepress/v2.0/demo/images/magazine/hn2-lg1.jpg]
[html.kodesolution.live/s/autocarepress/v2.0/demo/images/magazine/tn-lg2.jpg]
[html.kodesolution.live/s/autocarepress/v2.0/demo/images/magazine/on-sm1.jpg]
[html.kodesolution.live/s/autocarepress/v2.0/demo/images/magazine/on-sm2.jpg]
[html.kodesolution.live/s/autocarepress/v2.0/demo/images/magazine/on-sm3.jpg]
[html.kodesolution.live/s/autocarepress/v2.0/demo/images/magazine/on-sm4.jpg]
[html.kodesolution.live/s/autocarepress/v2.0/demo/images/magazine/wn-sm1.jpg]
[html.kodesolution.live/s/autocarepress/v2.0/demo/images/magazine/wn-sm2.jpg]
[html.kodesolution.live/s/autocarepress/v2.0/demo/images/magazine/wn-sm4.jpg]
[html.kodesolution.live/s/autocarepress/v2.0/demo/images/magazine/banner-ads2.jpg]
[html.kodesolution.live/s/autocarepress/v2.0/demo/images/magazine/wn-lg1.jpg]
[html.kodesolution.live/s/autocarepress/v2.0/demo/images/magazine/wn-lg2.jpg]
[html.kodesolution.live/s/autocarepress/v2.0/demo/images/magazine/wn-lg4.jpg]
[html.kodesolution.live/s/autocarepress/v2.0/demo/index-magazine-home-layout1.html]
[html.kodesolution.live/s/autocarepress/v2.0/demo/images/magazine/featured-img1.jpg]
[html.kodesolution.live/s/autocarepress/v2.0/demo/images/magazine/featured-img2.jpg]
[html.kodesolution.live/s/autocarepress/v2.0/demo/images/magazine/featured-img3.jpg]
[html.kodesolution.live/s/autocarepress/v2.0/demo/images/magazine/featured-img4.jpg]
[html.kodesolution.live/s/autocarepress/v2.0/demo/index-magazine-home-layout2.html]
[html.kodesolution.live/s/autocarepress/v2.0/demo/js/multiscroll-slider/jquery.multiscroll.min.js]
[html.kodesolution.live/s/autocarepress/v2.0/demo/index-hot-split-slider-home.html]
[html.kodesolution.live/s/autocarepress/v2.0/demo/images/bg/bg5.jpg]
[html.kodesolution.live/s/autocarepress/v2.0/demo/images/bg/bg4.jpg]
[html.kodesolution.live/s/autocarepress/v2.0/demo/index-hot-vertical-slider-home.html]
[html.kodesolution.live/s/autocarepress/v2.0/demo/js/fullpage-slider/jquery.fullpage.min.js]
[html.kodesolution.live/s/autocarepress/v2.0/demo/index-hot-fullscreen-home.html]
[html.kodesolution.live/s/autocarepress/v2.0/demo/index-hot-parallax-home.html]
[html.kodesolution.live/s/autocarepress/v2.0/demo/index-hot-personal-home.html]
[html.kodesolution.live/s/autocarepress/v2.0/demo/images/bg/bg-sm2.jpg]
[html.kodesolution.live/s/autocarepress/v2.0/demo/images/bg/bg-sm1.jpg]
[html.kodesolution.live/s/autocarepress/v2.0/demo/images/bg/bg-sm3.jpg]
[html.kodesolution.live/s/autocarepress/v2.0/demo/images/products/7.jpg]
[html.kodesolution.live/s/autocarepress/v2.0/demo/images/products/shop1.png]
[html.kodesolution.live/s/autocarepress/v2.0/demo/index-shop-home.html]
[html.kodesolution.live/s/autocarepress/v2.0/demo/index-home-variation-revslider-style1.html]
[html.kodesolution.live/s/autocarepress/v2.0/demo/index-home-variation-maximageslider-style1.html]
[html.kodesolution.live/s/autocarepress/v2.0/demo/index-home-variation-maximageslider-style2.html]
[html.kodesolution.live/s/autocarepress/v2.0/demo/index-home-variation-maximageslider-style3.html]
[html.kodesolution.live/s/autocarepress/v2.0/demo/index-home-variation-owl-carousel.html]
[html.kodesolution.live/s/autocarepress/v2.0/demo/index-home-variation-typed-text.html]
[html.kodesolution.live/s/autocarepress/v2.0/demo/index-home-variation-video-background.html]
[html.kodesolution.live/s/autocarepress/v2.0/demo/index-home-variation-html5-video.html]
[html.kodesolution.live/s/autocarepress/v2.0/demo/index-home-variation-bg-image-parallax.html]
[html.kodesolution.live/s/autocarepress/v2.0/demo/index-home-variation-bg-static.html]
[html.kodesolution.live/s/autocarepress/v2.0/demo/index-home-variation-appointment-form-style1.html]
[html.kodesolution.live/s/autocarepress/v2.0/demo/index-home-variation-appointment-form-style2.html]
[html.kodesolution.live/s/autocarepress/v2.0/demo/images/services/lg5.jpg]
[html.kodesolution.live/s/autocarepress/v2.0/demo/page-service-engine-diognostic.html]
[html.kodesolution.live/s/autocarepress/v2.0/demo/images/services/lg2.jpg]
[html.kodesolution.live/s/autocarepress/v2.0/demo/page-service-oil-changing.html]
[html.kodesolution.live/s/autocarepress/v2.0/demo/images/services/lg3.jpg]
[html.kodesolution.live/s/autocarepress/v2.0/demo/page-service-wheel-alignment.html]
[html.kodesolution.live/s/autocarepress/v2.0/demo/images/services/lg4.jpg]
[html.kodesolution.live/s/autocarepress/v2.0/demo/page-service-brake-repairing.html]
[html.kodesolution.live/s/autocarepress/v2.0/demo/images/services/lg1.jpg]
[html.kodesolution.live/s/autocarepress/v2.0/demo/page-service-body-repairing.html]
[html.kodesolution.live/s/autocarepress/v2.0/demo/images/services/lg6.jpg]
[html.kodesolution.live/s/autocarepress/v2.0/demo/page-service-body-painting.html]
[html.kodesolution.live/s/autocarepress/v2.0/demo/images/preloaders/4.gif]
[html.kodesolution.live/s/autocarepress/v2.0/demo/images/preloaders/2.gif]
[html.kodesolution.live/s/autocarepress/v2.0/demo/images/preloaders/5.gif]
[html.kodesolution.live/s/autocarepress/v2.0/demo/images/preloaders/1.gif]
[html.kodesolution.live/s/autocarepress/v2.0/demo/images/preloaders/7.gif]
[html.kodesolution.live/s/autocarepress/v2.0/demo/images/preloaders/8.gif]
[html.kodesolution.live/s/autocarepress/v2.0/demo/images/preloaders/9.gif]
[html.kodesolution.live/s/autocarepress/v2.0/demo/images/preloaders/11.gif]
[html.kodesolution.live/s/autocarepress/v2.0/demo/images/preloaders/12.gif]
[html.kodesolution.live/s/autocarepress/v2.0/demo/features-preloader.html]
[html.kodesolution.live/s/autocarepress/v2.0/demo/features-header-style1.html]
[html.kodesolution.live/s/autocarepress/v2.0/demo/features-header-style2.html]
[html.kodesolution.live/s/autocarepress/v2.0/demo/features-header-style3.html]
[html.kodesolution.live/s/autocarepress/v2.0/demo/features-header-style4.html]
[html.kodesolution.live/s/autocarepress/v2.0/demo/features-header-style5.html]
[html.kodesolution.live/s/autocarepress/v2.0/demo/features-header-style6.html]
[html.kodesolution.live/s/autocarepress/v2.0/demo/features-header-style7.html]
[html.kodesolution.live/s/autocarepress/v2.0/demo/features-header-vertical-nav.html]
[html.kodesolution.live/s/autocarepress/v2.0/demo/features-page-title-text-left.html]
[html.kodesolution.live/s/autocarepress/v2.0/demo/features-page-title-text-center.html]
[html.kodesolution.live/s/autocarepress/v2.0/demo/features-page-title-text-right.html]
[html.kodesolution.live/s/autocarepress/v2.0/demo/features-page-title-mini-version.html]
[html.kodesolution.live/s/autocarepress/v2.0/demo/features-page-title-big-version.html]
[html.kodesolution.live/s/autocarepress/v2.0/demo/features-page-title-extra-big-version.html]
[html.kodesolution.live/s/autocarepress/v2.0/demo/features-page-title-bg-white.html]
[html.kodesolution.live/s/autocarepress/v2.0/demo/features-page-title-bg-image.html]
[html.kodesolution.live/s/autocarepress/v2.0/demo/features-page-title-bg-image-parallax.html]
[html.kodesolution.live/s/autocarepress/v2.0/demo/features-page-title-bg-video.html]
[html.kodesolution.live/s/autocarepress/v2.0/demo/features-page-title-full-transparent.html]
[html.kodesolution.live/s/autocarepress/v2.0/demo/features-side-push-panel-left-overlay.html]
[html.kodesolution.live/s/autocarepress/v2.0/demo/features-side-push-panel-left-push.html]
[html.kodesolution.live/s/autocarepress/v2.0/demo/features-side-push-panel-right-overlay.html]
[html.kodesolution.live/s/autocarepress/v2.0/demo/features-side-push-panel-right-push.html]
[html.kodesolution.live/s/autocarepress/v2.0/demo/features-home-revslider.html]
[html.kodesolution.live/s/autocarepress/v2.0/demo/features-rev-slider-premium-templates.html]
[html.kodesolution.live/s/autocarepress/v2.0/demo/features-home-bg-image-slider.html]
[html.kodesolution.live/s/autocarepress/v2.0/demo/features-home-owl-fullwidth-carousel.html]
[html.kodesolution.live/s/autocarepress/v2.0/demo/form-login-register-style1.html]
[html.kodesolution.live/s/autocarepress/v2.0/demo/form-login-register-style2.html]
[html.kodesolution.live/s/autocarepress/v2.0/demo/form-login-style1.html]
[html.kodesolution.live/s/autocarepress/v2.0/demo/form-login-style2.html]
[html.kodesolution.live/s/autocarepress/v2.0/demo/form-login-style3.html]
[html.kodesolution.live/s/autocarepress/v2.0/demo/form-register-style1.html]
[html.kodesolution.live/s/autocarepress/v2.0/demo/form-register-style2.html]
[html.kodesolution.live/s/autocarepress/v2.0/demo/form-register-style3.html]
[html.kodesolution.live/s/autocarepress/v2.0/demo/form-subscribe.html]
[html.kodesolution.live/s/autocarepress/v2.0/demo/form-appointment-style1.html]
[html.kodesolution.live/s/autocarepress/v2.0/demo/form-appointment-style2.html]
[html.kodesolution.live/s/autocarepress/v2.0/demo/form-appointment-style3.html]
[html.kodesolution.live/s/autocarepress/v2.0/demo/form-quick-contact-style1.html]
[html.kodesolution.live/s/autocarepress/v2.0/demo/form-quick-contact-style2.html]
[html.kodesolution.live/s/autocarepress/v2.0/demo/form-quick-contact-style3.html]
[html.kodesolution.live/s/autocarepress/v2.0/demo/form-job-apply-style1.html]
[html.kodesolution.live/s/autocarepress/v2.0/demo/form-job-apply-style2.html]
[html.kodesolution.live/s/autocarepress/v2.0/demo/form-job-apply-style3.html]
[www.paypalobjects.com/en_US/i/btn/btn_donateCC_LG.png]
[html.kodesolution.live/s/autocarepress/v2.0/demo/form-paypal-donate-onetime-style1.html]
[html.kodesolution.live/s/autocarepress/v2.0/demo/form-paypal-donate-onetime-style2.html]
[html.kodesolution.live/s/autocarepress/v2.0/demo/form-paypal-donate-onetime-style3.html]
[html.kodesolution.live/s/autocarepress/v2.0/demo/form-paypal-donate-onetime-style4.html]
[html.kodesolution.live/s/autocarepress/v2.0/demo/form-paypal-donate-onetime-style5.html]
[html.kodesolution.live/s/autocarepress/v2.0/demo/form-paypal-donate-onetime-style6.html]
[html.kodesolution.live/s/autocarepress/v2.0/demo/form-paypal-donate-onetime-style7.html]
[html.kodesolution.live/s/autocarepress/v2.0/demo/form-paypal-donate-recurring-style1.html]
[html.kodesolution.live/s/autocarepress/v2.0/demo/form-paypal-donate-recurring-style2.html]
[html.kodesolution.live/s/autocarepress/v2.0/demo/form-paypal-donate-recurring-style3.html]
[html.kodesolution.live/s/autocarepress/v2.0/demo/form-paypal-donate-recurring-style4.html]
[html.kodesolution.live/s/autocarepress/v2.0/demo/form-paypal-donate-recurring-style5.html]
[html.kodesolution.live/s/autocarepress/v2.0/demo/form-paypal-donate-both-onetime-recurring-style1.html]
[html.kodesolution.live/s/autocarepress/v2.0/demo/form-paypal-donate-both-onetime-recurring-style2.html]
[html.kodesolution.live/s/autocarepress/v2.0/demo/form-paypal-donate-both-onetime-recurring-style3.html]
[html.kodesolution.live/s/autocarepress/v2.0/demo/form-paypal-donate-both-onetime-recurring-style4.html]
[html.kodesolution.live/s/autocarepress/v2.0/demo/form-paypal-cart-style1.html]
[html.kodesolution.live/s/autocarepress/v2.0/demo/form-paypal-order-style1.html]
[html.kodesolution.live/s/autocarepress/v2.0/demo/form-paypal-order-style2.html]
[html.kodesolution.live/s/autocarepress/v2.0/demo/features-popup-promo-box.html]
[html.kodesolution.live/s/autocarepress/v2.0/demo/features-popup-promo-box-cookie-enabled.html]
[html.kodesolution.live/s/autocarepress/v2.0/demo/features-footer-style1.html]
[html.kodesolution.live/s/autocarepress/v2.0/demo/features-footer-style2.html]
[html.kodesolution.live/s/autocarepress/v2.0/demo/features-footer-style3.html]
[html.kodesolution.live/s/autocarepress/v2.0/demo/features-footer-style4.html]
[html.kodesolution.live/s/autocarepress/v2.0/demo/features-footer-style5.html]
[html.kodesolution.live/s/autocarepress/v2.0/demo/features-footer-style6.html]
[html.kodesolution.live/s/autocarepress/v2.0/demo/features-footer-style7.html]
[html.kodesolution.live/s/autocarepress/v2.0/demo/page-booking-form.html]
[html.kodesolution.live/s/autocarepress/v2.0/demo/images/donors/1.jpg]
[html.kodesolution.live/s/autocarepress/v2.0/demo/images/donors/2.jpg]
[html.kodesolution.live/s/autocarepress/v2.0/demo/images/donors/3.jpg]
[html.kodesolution.live/s/autocarepress/v2.0/demo/images/donors/4.jpg]
[html.kodesolution.live/s/autocarepress/v2.0/demo/images/donors/5.jpg]
[html.kodesolution.live/s/autocarepress/v2.0/demo/images/donors/6.jpg]
[html.kodesolution.live/s/autocarepress/v2.0/demo/page-about1.html]
[html.kodesolution.live/s/autocarepress/v2.0/demo/page-about2.html]
[html.kodesolution.live/s/autocarepress/v2.0/demo/page-services1.html]
[html.kodesolution.live/s/autocarepress/v2.0/demo/images/project/7.jpg]
[html.kodesolution.live/s/autocarepress/v2.0/demo/images/project/8.jpg]
[html.kodesolution.live/s/autocarepress/v2.0/demo/page-services2.html]
[html.kodesolution.live/s/autocarepress/v2.0/demo/images/project/l1.jpg]
[html.kodesolution.live/s/autocarepress/v2.0/demo/images/project/l2.jpg]
[html.kodesolution.live/s/autocarepress/v2.0/demo/images/project/l3.jpg]
[html.kodesolution.live/s/autocarepress/v2.0/demo/images/project/l4.jpg]
[html.kodesolution.live/s/autocarepress/v2.0/demo/page-services-list.html]
[html.kodesolution.live/s/autocarepress/v2.0/demo/page-service-details.html]
[html.kodesolution.live/s/autocarepress/v2.0/demo/page-team-style1.html]
[html.kodesolution.live/s/autocarepress/v2.0/demo/page-team-style2.html]
[html.kodesolution.live/s/autocarepress/v2.0/demo/page-team-style3.html]
[html.kodesolution.live/s/autocarepress/v2.0/demo/images/team/team-details.jpg]
[html.kodesolution.live/s/autocarepress/v2.0/demo/page-team-details.html]
[html.kodesolution.live/s/autocarepress/v2.0/demo/images/pricing/1.jpg]
[html.kodesolution.live/s/autocarepress/v2.0/demo/images/pricing/2.jpg]
[html.kodesolution.live/s/autocarepress/v2.0/demo/images/pricing/3.jpg]
[html.kodesolution.live/s/autocarepress/v2.0/demo/page-pricing1.html]
[html.kodesolution.live/s/autocarepress/v2.0/demo/page-pricing2.html]
[html.kodesolution.live/s/autocarepress/v2.0/demo/page-gallery-boxed-2col.html]
[html.kodesolution.live/s/autocarepress/v2.0/demo/page-gallery-boxed-3col.html]
[html.kodesolution.live/s/autocarepress/v2.0/demo/page-gallery-boxed-4col.html]
[html.kodesolution.live/s/autocarepress/v2.0/demo/page-gallery-fullwidth-2col.html]
[html.kodesolution.live/s/autocarepress/v2.0/demo/page-gallery-fullwidth-3col.html]
[html.kodesolution.live/s/autocarepress/v2.0/demo/page-gallery-fullwidth-4col.html]
[html.kodesolution.live/s/autocarepress/v2.0/demo/page-gallery-boxed-with-caption-2col.html]
[html.kodesolution.live/s/autocarepress/v2.0/demo/page-gallery-boxed-with-caption-3col.html]
[html.kodesolution.live/s/autocarepress/v2.0/demo/page-gallery-boxed-with-caption-4col.html]
[html.kodesolution.live/s/autocarepress/v2.0/demo/page-gallery-fullwidth-with-caption-2col.html]
[html.kodesolution.live/s/autocarepress/v2.0/demo/page-gallery-fullwidth-with-caption-3col.html]
[html.kodesolution.live/s/autocarepress/v2.0/demo/page-gallery-fullwidth-with-caption-4col.html]
[html.kodesolution.live/s/autocarepress/v2.0/demo/images/products/9.jpg]
[html.kodesolution.live/s/autocarepress/v2.0/demo/shop-category.html]
[html.kodesolution.live/s/autocarepress/v2.0/demo/images/products/sm1.jpg]
[html.kodesolution.live/s/autocarepress/v2.0/demo/images/products/sm2.jpg]
[html.kodesolution.live/s/autocarepress/v2.0/demo/images/products/sm3.jpg]
[html.kodesolution.live/s/autocarepress/v2.0/demo/shop-category-sidebar.html]
[html.kodesolution.live/s/autocarepress/v2.0/demo/shop-checkout.html]
[html.kodesolution.live/s/autocarepress/v2.0/demo/page-faq-style1.html]
[html.kodesolution.live/s/autocarepress/v2.0/demo/page-faq-style2.html]
[html.kodesolution.live/s/autocarepress/v2.0/demo/page-faq-style3.html]
[html.kodesolution.live/s/autocarepress/v2.0/demo/page-faq-style4.html]
[html.kodesolution.live/s/autocarepress/v2.0/demo/page-contact-style1.html]
[html.kodesolution.live/s/autocarepress/v2.0/demo/page-contact-style2.html]
[html.kodesolution.live/s/autocarepress/v2.0/demo/page-contact-style3.html]
[html.kodesolution.live/s/autocarepress/v2.0/demo/page-contact-style4.html]
[html.kodesolution.live/s/autocarepress/v2.0/demo/js/google-map-init-multilocation.js]
[html.kodesolution.live/s/autocarepress/v2.0/demo/page-contact5-with-multiple-marker.html]
[html.kodesolution.live/s/autocarepress/v2.0/demo/page-contact6-with-multiple-marker.html]
[html.kodesolution.live/s/autocarepress/v2.0/demo/page-404-style1.html]
[html.kodesolution.live/s/autocarepress/v2.0/demo/page-404-style2.html]
[html.kodesolution.live/s/autocarepress/v2.0/demo/page-404-style3.html]
[html.kodesolution.live/s/autocarepress/v2.0/demo/page-under-construction-style1.html]
[html.kodesolution.live/s/autocarepress/v2.0/demo/page-under-construction-style2.html]
[html.kodesolution.live/s/autocarepress/v2.0/demo/page-under-construction-style3.html]
[html.kodesolution.live/s/autocarepress/v2.0/demo/page-under-construction-style4.html]
[html.kodesolution.live/s/autocarepress/v2.0/demo/page-coming-soon-style1.html]
[html.kodesolution.live/s/autocarepress/v2.0/demo/js/classycountdown/js/jquery.knob.js]
[html.kodesolution.live/s/autocarepress/v2.0/demo/js/classycountdown/js/jquery.throttle.js]
[html.kodesolution.live/s/autocarepress/v2.0/demo/js/classycountdown/js/jquery.classycountdown.js]
[html.kodesolution.live/s/autocarepress/v2.0/demo/page-coming-soon-style2.html]
[html.kodesolution.live/s/autocarepress/v2.0/demo/page-coming-soon-style3.html]
[html.kodesolution.live/s/autocarepress/v2.0/demo/blog-classic-no-sidebar.html]
[html.kodesolution.live/s/autocarepress/v2.0/demo/blog-classic-left-sidebar.html]
[html.kodesolution.live/s/autocarepress/v2.0/demo/images/blog/4.jpg]
[html.kodesolution.live/s/autocarepress/v2.0/demo/blog-classic-right-sidebar.html]
[html.kodesolution.live/s/autocarepress/v2.0/demo/blog-classic-both-sidebar.html]
[html.kodesolution.live/s/autocarepress/v2.0/demo/blog-grid-2-column.html]
[html.kodesolution.live/s/autocarepress/v2.0/demo/blog-grid-3-column.html]
[html.kodesolution.live/s/autocarepress/v2.0/demo/blog-grid-4-column.html]
[html.kodesolution.live/s/autocarepress/v2.0/demo/blog-single-no-sidebar.html]
[html.kodesolution.live/s/autocarepress/v2.0/demo/blog-single-right-sidebar.html]
[html.kodesolution.live/s/autocarepress/v2.0/demo/shortcode-accordion.html]
[html.kodesolution.live/s/autocarepress/v2.0/demo/shortcode-alerts.html]
[html.kodesolution.live/s/autocarepress/v2.0/demo/images/photos/iphone.jpg]
[html.kodesolution.live/s/autocarepress/v2.0/demo/shortcode-animations.html]
[html.kodesolution.live/s/autocarepress/v2.0/demo/shortcode-background-html5-video.html]
[html.kodesolution.live/s/autocarepress/v2.0/demo/shortcode-blockquotes.html]
[html.kodesolution.live/s/autocarepress/v2.0/demo/shortcode-button-groups-and-dropdowns.html]
[html.kodesolution.live/s/autocarepress/v2.0/demo/shortcode-button-hover-effect.html]
[html.kodesolution.live/s/autocarepress/v2.0/demo/shortcode-buttons.html]
[html.kodesolution.live/s/autocarepress/v2.0/demo/shortcode-call-to-actions.html]
[html.kodesolution.live/s/autocarepress/v2.0/demo/js/chart.js]
[html.kodesolution.live/s/autocarepress/v2.0/demo/shortcode-charts.html]
[html.kodesolution.live/s/autocarepress/v2.0/demo/shortcode-columns-grids.html]
[html.kodesolution.live/s/autocarepress/v2.0/demo/shortcode-divider.html]
[html.kodesolution.live/s/autocarepress/v2.0/demo/shortcode-dropcaps.html]
[html.kodesolution.live/s/autocarepress/v2.0/demo/shortcode-datetime-datepicker.html]
[html.kodesolution.live/s/autocarepress/v2.0/demo/shortcode-datetime-timepicker.html]
[html.kodesolution.live/s/autocarepress/v2.0/demo/shortcode-datetime-datetimepicker.html]
[html.kodesolution.live/s/autocarepress/v2.0/demo/shortcode-datetime-datepair.html]
[html.kodesolution.live/s/autocarepress/v2.0/demo/shortcode-flickr-feed.html]
[html.kodesolution.live/s/autocarepress/v2.0/demo/shortcode-flipbox.html]
[html.kodesolution.live/s/autocarepress/v2.0/demo/shortcode-forms.html]
[html.kodesolution.live/s/autocarepress/v2.0/demo/shortcode-iconbox.html]
[html.kodesolution.live/s/autocarepress/v2.0/demo/shortcode-icon-7stroke.html]
[html.kodesolution.live/s/autocarepress/v2.0/demo/shortcode-icon-elegant-icons.html]
[html.kodesolution.live/s/autocarepress/v2.0/demo/shortcode-icon-flat-color-icons.html]
[html.kodesolution.live/s/autocarepress/v2.0/demo/shortcode-icon-fontawesome.html]
[html.kodesolution.live/s/autocarepress/v2.0/demo/shortcode-icon-fontawesome-tutorial.html]
[html.kodesolution.live/s/autocarepress/v2.0/demo/shortcode-icon-strokegap.html]
[html.kodesolution.live/s/autocarepress/v2.0/demo/shortcode-instagram.html]
[html.kodesolution.live/s/autocarepress/v2.0/demo/shortcode-labels-badges.html]
[html.kodesolution.live/s/autocarepress/v2.0/demo/shortcode-listgroup-panels.html]
[html.kodesolution.live/s/autocarepress/v2.0/demo/shortcode-lists.html]
[html.kodesolution.live/s/autocarepress/v2.0/demo/shortcode-maps.html]
[html.kodesolution.live/s/autocarepress/v2.0/demo/shortcode-modal-bootstrap.html]
[html.kodesolution.live/s/autocarepress/v2.0/demo/shortcode-modal-lightbox.html]
[html.kodesolution.live/s/autocarepress/v2.0/demo/shortcode-navigation.html]
[html.kodesolution.live/s/autocarepress/v2.0/demo/shortcode-owl-carousel.html]
[html.kodesolution.live/s/autocarepress/v2.0/demo/shortcode-pagination.html]
[html.kodesolution.live/s/autocarepress/v2.0/demo/shortcode-progressbar.html]
[html.kodesolution.live/s/autocarepress/v2.0/demo/shortcode-responsive.html]
[html.kodesolution.live/s/autocarepress/v2.0/demo/shortcode-separator.html]
[html.kodesolution.live/s/autocarepress/v2.0/demo/images/clients/1.png]
[html.kodesolution.live/s/autocarepress/v2.0/demo/images/clients/2.png]
[html.kodesolution.live/s/autocarepress/v2.0/demo/images/clients/3.png]
[html.kodesolution.live/s/autocarepress/v2.0/demo/images/clients/4.png]
[html.kodesolution.live/s/autocarepress/v2.0/demo/images/clients/5.png]
[html.kodesolution.live/s/autocarepress/v2.0/demo/images/clients/6.png]
[html.kodesolution.live/s/autocarepress/v2.0/demo/shortcode-sliders.html]
[html.kodesolution.live/s/autocarepress/v2.0/demo/shortcode-smoothscrolling.html]
[html.kodesolution.live/s/autocarepress/v2.0/demo/shortcode-styled-icons.html]
[html.kodesolution.live/s/autocarepress/v2.0/demo/shortcode-subscribe.html]
[html.kodesolution.live/s/autocarepress/v2.0/demo/shortcode-tables.html]
[html.kodesolution.live/s/autocarepress/v2.0/demo/shortcode-tabs.html]
[html.kodesolution.live/s/autocarepress/v2.0/demo/shortcode-textblock.html]
[html.kodesolution.live/s/autocarepress/v2.0/demo/shortcode-thumbnails-carousels.html]
[html.kodesolution.live/s/autocarepress/v2.0/demo/shortcode-title.html]
[html.kodesolution.live/s/autocarepress/v2.0/demo/shortcode-timer-final-countdown.html]
[html.kodesolution.live/s/autocarepress/v2.0/demo/shortcode-timer-flipclock.html]
[html.kodesolution.live/s/autocarepress/v2.0/demo/shortcode-timer-slick-circular.html]
[html.kodesolution.live/s/autocarepress/v2.0/demo/shortcode-typography.html]
[html.kodesolution.live/s/autocarepress/v2.0/demo/shortcode-vertical-timeline.html]
[html.kodesolution.live/s/autocarepress/v2.0/demo/shortcode-widgets.html]
[html.kodesolution.live/s/autocarepress/v2.0/demo/shortcode-working-process.html]
[html.kodesolution.live/s/autocarepress/v2.0/demo/fonts/fontawesome-webfont3295.svg]
[html.kodesolution.live/s/autocarepress/v2.0/demo/fonts/Pe-icon-7-strokebb1d.svg]
[html.kodesolution.live/s/autocarepress/v2.0/demo/fonts/icomoon/fonts/icomoona1c7.svg]
[html.kodesolution.live/s/autocarepress/v2.0/demo/fonts/flaticons/flaticon-set-carfixing.svg]
[html.kodesolution.live/s/autocarepress/v2.0/demo/css/bootstrap-rtl.min.css]
[html.kodesolution.live/s/autocarepress/v2.0/demo/css/style-main-rtl.css]
[html.kodesolution.live/s/autocarepress/v2.0/demo/css/style-main-rtl-extra.css]
[html.kodesolution.live/s/autocarepress/v2.0/demo/css/style-main-dark.css]
[html.kodesolution.live/s/autocarepress/v2.0/demo/ajax-load/modal-contact-form.html]
[html.kodesolution.live/s/autocarepress/v2.0/demo/images/preloaders/10.html]
[html.kodesolution.live/s/autocarepress/v2.0/demo/ajax-load/donation-form.html]
[html.kodesolution.live/s/autocarepress/v2.0/demo/index-hot-magazine-home-layout1.html]
[html.kodesolution.live/s/autocarepress/v2.0/demo/index-hot-magazine-home-layout2.html]
[html.kodesolution.live/s/autocarepress/v2.0/demo/index-hot-portfolio-presentation-layout1.html]
[html.kodesolution.live/s/autocarepress/v2.0/demo/index-hot-portfolio-presentation-layout2.html]
[html.kodesolution.live/s/autocarepress/v2.0/demo/index-hot-portfolio-presentation-layout3.html]
[html.kodesolution.live/s/autocarepress/v2.0/demo/index-hot-shop-home.html]
[html.kodesolution.live/s/autocarepress/v2.0/demo/features-home-parallax-bg.html]
[html.kodesolution.live/s/autocarepress/v2.0/demo/features-home-video-bg.html]
[html.kodesolution.live/s/autocarepress/v2.0/demo/page-become-a-volunteer.html]
[html.kodesolution.live/s/autocarepress/v2.0/demo/page-campaign.html]
[html.kodesolution.live/s/autocarepress/v2.0/demo/page-donate.html]
[html.kodesolution.live/s/autocarepress/v2.0/demo/page-fundraise.html]
[html.kodesolution.live/s/autocarepress/v2.0/demo/page-run-a-race.html]
[html.kodesolution.live/s/autocarepress/v2.0/demo/page-our-impact.html]
[html.kodesolution.live/s/autocarepress/v2.0/demo/page-story.html]
[html.kodesolution.live/s/autocarepress/v2.0/demo/page-mission.html]
[html.kodesolution.live/s/autocarepress/v2.0/demo/page-causes-grid-3-column.html]
[html.kodesolution.live/s/autocarepress/v2.0/demo/page-causes-grid-4-column.html]
[html.kodesolution.live/s/autocarepress/v2.0/demo/page-causes-list.html]
[html.kodesolution.live/s/autocarepress/v2.0/demo/page-single-cause.html]
[html.kodesolution.live/s/autocarepress/v2.0/demo/page-volunteer-2column.html]
[html.kodesolution.live/s/autocarepress/v2.0/demo/page-volunteer-3column.html]
[html.kodesolution.live/s/autocarepress/v2.0/demo/page-volunteer-4column.html]
[html.kodesolution.live/s/autocarepress/v2.0/demo/page-volunteer-details.html]
[html.kodesolution.live/s/autocarepress/v2.0/demo/job-list.html]
[html.kodesolution.live/s/autocarepress/v2.0/demo/job-details-style1.html]
[html.kodesolution.live/s/autocarepress/v2.0/demo/job-details-style2.html]
[html.kodesolution.live/s/autocarepress/v2.0/demo/page-event-list.html]
[html.kodesolution.live/s/autocarepress/v2.0/demo/page-event-grid-3column.html]
[html.kodesolution.live/s/autocarepress/v2.0/demo/page-event-grid-4column.html]
[html.kodesolution.live/s/autocarepress/v2.0/demo/page-single-event.html]
[html.kodesolution.live/s/autocarepress/v2.0/demo/page-event-calendar.html]
[html.kodesolution.live/s/autocarepress/v2.0/demo/images/blog/mega-menu.html]
[html.kodesolution.live/s/autocarepress/v2.0/demo/images/blog/square1.html]
[html.kodesolution.live/s/autocarepress/v2.0/demo/images/blog/square2.html]
[html.kodesolution.live/s/autocarepress/v2.0/demo/images/blog/square3.html]
[html.kodesolution.live/s/autocarepress/v2.0/demo/shortcode-flex-sliders.html]
[www.paypal.com/en_US/i/scr/pixel.html]
[www.paypal.com/en_US/i/btn/x-click-but01.html]
[html.kodesolution.live/s/autocarepress/v2.0/demo/page-contact1.html]
[html.kodesolution.live/s/autocarepress/v2.0/demo/js/classycountdown/css/jquery.classycountdown.css]
[html.kodesolution.live/s/autocarepress/v2.0/demo/{{link}}.html]
[html.kodesolution.live/s/autocarepress/v2.0/demo/{{image_m}}.html]
[html.kodesolution.live/s/autocarepress/v2.0/demo/fonts/ElegantIcons.eot]
[html.kodesolution.live/s/autocarepress/v2.0/demo/fonts/ElegantIcons.woff]
[html.kodesolution.live/s/autocarepress/v2.0/demo/fonts/ElegantIconsd41d.eot]
[html.kodesolution.live/s/autocarepress/v2.0/demo/fonts/ElegantIcons.ttf]
[html.kodesolution.live/s/autocarepress/v2.0/demo/css/elegant-icons.css]
[html.kodesolution.live/s/autocarepress/v2.0/demo/images/flat-color-icons-svg/flash_on.svg]
[html.kodesolution.live/s/autocarepress/v2.0/demo/images/flat-color-icons-svg/flash_off.svg]
[html.kodesolution.live/s/autocarepress/v2.0/demo/images/flat-color-icons-svg/flash_auto.svg]
[html.kodesolution.live/s/autocarepress/v2.0/demo/images/flat-color-icons-svg/panorama.svg]
[html.kodesolution.live/s/autocarepress/v2.0/demo/images/flat-color-icons-svg/landscape.svg]
[html.kodesolution.live/s/autocarepress/v2.0/demo/images/flat-color-icons-svg/night_landscape.svg]
[html.kodesolution.live/s/autocarepress/v2.0/demo/images/flat-color-icons-svg/sports_mode.svg]
[html.kodesolution.live/s/autocarepress/v2.0/demo/images/flat-color-icons-svg/portrait_mode.svg]
[html.kodesolution.live/s/autocarepress/v2.0/demo/images/flat-color-icons-svg/night_portrait.svg]
[html.kodesolution.live/s/autocarepress/v2.0/demo/images/flat-color-icons-svg/close_up_mode.svg]
[html.kodesolution.live/s/autocarepress/v2.0/demo/images/flat-color-icons-svg/selfie.svg]
[html.kodesolution.live/s/autocarepress/v2.0/demo/images/flat-color-icons-svg/gallery.svg]
[html.kodesolution.live/s/autocarepress/v2.0/demo/images/flat-color-icons-svg/stack_of_photos.svg]
[html.kodesolution.live/s/autocarepress/v2.0/demo/images/flat-color-icons-svg/add_image.svg]
[html.kodesolution.live/s/autocarepress/v2.0/demo/images/flat-color-icons-svg/edit_image.svg]
[html.kodesolution.live/s/autocarepress/v2.0/demo/images/flat-color-icons-svg/remove_image.svg]
[html.kodesolution.live/s/autocarepress/v2.0/demo/images/flat-color-icons-svg/compact_camera.svg]
[html.kodesolution.live/s/autocarepress/v2.0/demo/images/flat-color-icons-svg/multiple_cameras.svg]
[html.kodesolution.live/s/autocarepress/v2.0/demo/images/flat-color-icons-svg/camera.svg]
[html.kodesolution.live/s/autocarepress/v2.0/demo/images/flat-color-icons-svg/slr_back_side.svg]
[html.kodesolution.live/s/autocarepress/v2.0/demo/images/flat-color-icons-svg/old_time_camera.svg]
[html.kodesolution.live/s/autocarepress/v2.0/demo/images/flat-color-icons-svg/camera_addon.svg]
[html.kodesolution.live/s/autocarepress/v2.0/demo/images/flat-color-icons-svg/camera_identification.svg]
[html.kodesolution.live/s/autocarepress/v2.0/demo/images/flat-color-icons-svg/start.svg]
[html.kodesolution.live/s/autocarepress/v2.0/demo/images/flat-color-icons-svg/clapperboard.svg]
[html.kodesolution.live/s/autocarepress/v2.0/demo/images/flat-color-icons-svg/film.svg]
[html.kodesolution.live/s/autocarepress/v2.0/demo/images/flat-color-icons-svg/camcorder.svg]
[html.kodesolution.live/s/autocarepress/v2.0/demo/images/flat-color-icons-svg/camcorder_pro.svg]
[html.kodesolution.live/s/autocarepress/v2.0/demo/images/flat-color-icons-svg/webcam.svg]
[html.kodesolution.live/s/autocarepress/v2.0/demo/images/flat-color-icons-svg/integrated_webcam.svg]
[html.kodesolution.live/s/autocarepress/v2.0/demo/images/flat-color-icons-svg/rotate_camera.svg]
[html.kodesolution.live/s/autocarepress/v2.0/demo/images/flat-color-icons-svg/switch_camera.svg]
[html.kodesolution.live/s/autocarepress/v2.0/demo/images/flat-color-icons-svg/photo_reel.svg]
[html.kodesolution.live/s/autocarepress/v2.0/demo/images/flat-color-icons-svg/film_reel.svg]
[html.kodesolution.live/s/autocarepress/v2.0/demo/images/flat-color-icons-svg/cable_release.svg]
[html.kodesolution.live/s/autocarepress/v2.0/demo/images/flat-color-icons-svg/home.svg]
[html.kodesolution.live/s/autocarepress/v2.0/demo/images/flat-color-icons-svg/icons8_cup.svg]
[html.kodesolution.live/s/autocarepress/v2.0/demo/images/flat-color-icons-svg/globe.svg]
[html.kodesolution.live/s/autocarepress/v2.0/demo/images/flat-color-icons-svg/ok.svg]
[html.kodesolution.live/s/autocarepress/v2.0/demo/images/flat-color-icons-svg/checkmark.svg]
[html.kodesolution.live/s/autocarepress/v2.0/demo/images/flat-color-icons-svg/cancel.svg]
[html.kodesolution.live/s/autocarepress/v2.0/demo/images/flat-color-icons-svg/synchronize.svg]
[html.kodesolution.live/s/autocarepress/v2.0/demo/images/flat-color-icons-svg/refresh.svg]
[html.kodesolution.live/s/autocarepress/v2.0/demo/images/flat-color-icons-svg/download.svg]
[html.kodesolution.live/s/autocarepress/v2.0/demo/images/flat-color-icons-svg/upload.svg]
[html.kodesolution.live/s/autocarepress/v2.0/demo/images/flat-color-icons-svg/empty_trash.svg]
[html.kodesolution.live/s/autocarepress/v2.0/demo/images/flat-color-icons-svg/full_trash.svg]
[html.kodesolution.live/s/autocarepress/v2.0/demo/images/flat-color-icons-svg/folder.svg]
[html.kodesolution.live/s/autocarepress/v2.0/demo/images/flat-color-icons-svg/opened_folder.svg]
[html.kodesolution.live/s/autocarepress/v2.0/demo/images/flat-color-icons-svg/file.svg]
[html.kodesolution.live/s/autocarepress/v2.0/demo/images/flat-color-icons-svg/document.svg]
[html.kodesolution.live/s/autocarepress/v2.0/demo/images/flat-color-icons-svg/audio_file.svg]
[html.kodesolution.live/s/autocarepress/v2.0/demo/images/flat-color-icons-svg/image_file.svg]
[html.kodesolution.live/s/autocarepress/v2.0/demo/images/flat-color-icons-svg/video_file.svg]
[html.kodesolution.live/s/autocarepress/v2.0/demo/images/flat-color-icons-svg/print.svg]
[html.kodesolution.live/s/autocarepress/v2.0/demo/images/flat-color-icons-svg/music.svg]
[html.kodesolution.live/s/autocarepress/v2.0/demo/images/flat-color-icons-svg/share.svg]
[html.kodesolution.live/s/autocarepress/v2.0/demo/images/flat-color-icons-svg/cursor.svg]
[html.kodesolution.live/s/autocarepress/v2.0/demo/images/flat-color-icons-svg/puzzle.svg]
[html.kodesolution.live/s/autocarepress/v2.0/demo/images/flat-color-icons-svg/unlock.svg]
[html.kodesolution.live/s/autocarepress/v2.0/demo/images/flat-color-icons-svg/lock.svg]
[html.kodesolution.live/s/autocarepress/v2.0/demo/images/flat-color-icons-svg/idea.svg]
[html.kodesolution.live/s/autocarepress/v2.0/demo/images/flat-color-icons-svg/no_idea.svg]
[html.kodesolution.live/s/autocarepress/v2.0/demo/images/flat-color-icons-svg/link.svg]
[html.kodesolution.live/s/autocarepress/v2.0/demo/images/flat-color-icons-svg/broken_link.svg]
[html.kodesolution.live/s/autocarepress/v2.0/demo/images/flat-color-icons-svg/rating.svg]
[html.kodesolution.live/s/autocarepress/v2.0/demo/images/flat-color-icons-svg/like_placeholder.svg]
[html.kodesolution.live/s/autocarepress/v2.0/demo/images/flat-color-icons-svg/like.svg]
[html.kodesolution.live/s/autocarepress/v2.0/demo/images/flat-color-icons-svg/dislike.svg]
[html.kodesolution.live/s/autocarepress/v2.0/demo/images/flat-color-icons-svg/info.svg]
[html.kodesolution.live/s/autocarepress/v2.0/demo/images/flat-color-icons-svg/about.svg]
[html.kodesolution.live/s/autocarepress/v2.0/demo/images/flat-color-icons-svg/picture.svg]
[html.kodesolution.live/s/autocarepress/v2.0/demo/images/flat-color-icons-svg/clock.svg]
[html.kodesolution.live/s/autocarepress/v2.0/demo/images/flat-color-icons-svg/alarm_clock.svg]
[html.kodesolution.live/s/autocarepress/v2.0/demo/images/flat-color-icons-svg/address_book.svg]
[html.kodesolution.live/s/autocarepress/v2.0/demo/images/flat-color-icons-svg/contacts.svg]
[html.kodesolution.live/s/autocarepress/v2.0/demo/images/flat-color-icons-svg/news.svg]
[html.kodesolution.live/s/autocarepress/v2.0/demo/images/flat-color-icons-svg/bookmark.svg]
[html.kodesolution.live/s/autocarepress/v2.0/demo/images/flat-color-icons-svg/binoculars.svg]
[html.kodesolution.live/s/autocarepress/v2.0/demo/images/flat-color-icons-svg/search.svg]
[html.kodesolution.live/s/autocarepress/v2.0/demo/images/flat-color-icons-svg/ruler.svg]
[html.kodesolution.live/s/autocarepress/v2.0/demo/images/flat-color-icons-svg/services.svg]
[html.kodesolution.live/s/autocarepress/v2.0/demo/images/flat-color-icons-svg/settings.svg]
[html.kodesolution.live/s/autocarepress/v2.0/demo/images/flat-color-icons-svg/support.svg]
[html.kodesolution.live/s/autocarepress/v2.0/demo/images/flat-color-icons-svg/frame.svg]
[html.kodesolution.live/s/autocarepress/v2.0/demo/images/flat-color-icons-svg/menu.svg]
[html.kodesolution.live/s/autocarepress/v2.0/demo/images/flat-color-icons-svg/key.svg]
[html.kodesolution.live/s/autocarepress/v2.0/demo/images/flat-color-icons-svg/calendar.svg]
[html.kodesolution.live/s/autocarepress/v2.0/demo/images/flat-color-icons-svg/calculator.svg]
[html.kodesolution.live/s/autocarepress/v2.0/demo/images/flat-color-icons-svg/minus.svg]
[html.kodesolution.live/s/autocarepress/v2.0/demo/images/flat-color-icons-svg/plus.svg]
[html.kodesolution.live/s/autocarepress/v2.0/demo/images/flat-color-icons-svg/graduation_cap.svg]
[html.kodesolution.live/s/autocarepress/v2.0/demo/images/flat-color-icons-svg/briefcase.svg]
[html.kodesolution.live/s/autocarepress/v2.0/demo/images/flat-color-icons-svg/business.svg]
[html.kodesolution.live/s/autocarepress/v2.0/demo/images/flat-color-icons-svg/signature.svg]
[html.kodesolution.live/s/autocarepress/v2.0/demo/images/flat-color-icons-svg/safe.svg]
[html.kodesolution.live/s/autocarepress/v2.0/demo/images/flat-color-icons-svg/advertising.svg]
[html.kodesolution.live/s/autocarepress/v2.0/demo/images/flat-color-icons-svg/businessman.svg]
[html.kodesolution.live/s/autocarepress/v2.0/demo/images/flat-color-icons-svg/businesswoman.svg]
[html.kodesolution.live/s/autocarepress/v2.0/demo/images/flat-color-icons-svg/manager.svg]
[html.kodesolution.live/s/autocarepress/v2.0/demo/images/flat-color-icons-svg/online_support.svg]
[html.kodesolution.live/s/autocarepress/v2.0/demo/images/flat-color-icons-svg/assistant.svg]
[html.kodesolution.live/s/autocarepress/v2.0/demo/images/flat-color-icons-svg/customer_support.svg]
[html.kodesolution.live/s/autocarepress/v2.0/demo/images/flat-color-icons-svg/reading_ebook.svg]
[html.kodesolution.live/s/autocarepress/v2.0/demo/images/flat-color-icons-svg/reading.svg]
[html.kodesolution.live/s/autocarepress/v2.0/demo/images/flat-color-icons-svg/neutral_trading.svg]
[html.kodesolution.live/s/autocarepress/v2.0/demo/images/flat-color-icons-svg/bullish.svg]
[html.kodesolution.live/s/autocarepress/v2.0/demo/images/flat-color-icons-svg/bearish.svg]
[html.kodesolution.live/s/autocarepress/v2.0/demo/images/flat-color-icons-svg/high_priority.svg]
[html.kodesolution.live/s/autocarepress/v2.0/demo/images/flat-color-icons-svg/medium_priority.svg]
[html.kodesolution.live/s/autocarepress/v2.0/demo/images/flat-color-icons-svg/low_priority.svg]
[html.kodesolution.live/s/autocarepress/v2.0/demo/images/flat-color-icons-svg/make_decision.svg]
[html.kodesolution.live/s/autocarepress/v2.0/demo/images/flat-color-icons-svg/decision.svg]
[html.kodesolution.live/s/autocarepress/v2.0/demo/images/flat-color-icons-svg/good_decision.svg]
[html.kodesolution.live/s/autocarepress/v2.0/demo/images/flat-color-icons-svg/neutral_decision.svg]
[html.kodesolution.live/s/autocarepress/v2.0/demo/images/flat-color-icons-svg/bad_decision.svg]
[html.kodesolution.live/s/autocarepress/v2.0/demo/images/flat-color-icons-svg/approve.svg]
[html.kodesolution.live/s/autocarepress/v2.0/demo/images/flat-color-icons-svg/disapprove.svg]
[html.kodesolution.live/s/autocarepress/v2.0/demo/images/flat-color-icons-svg/podium_without_speaker.svg]
[html.kodesolution.live/s/autocarepress/v2.0/demo/images/flat-color-icons-svg/podium_with_speaker.svg]
[html.kodesolution.live/s/autocarepress/v2.0/demo/images/flat-color-icons-svg/podium_with_audience.svg]
[html.kodesolution.live/s/autocarepress/v2.0/demo/images/flat-color-icons-svg/video_projector.svg]
[html.kodesolution.live/s/autocarepress/v2.0/demo/images/flat-color-icons-svg/statistics.svg]
[html.kodesolution.live/s/autocarepress/v2.0/demo/images/flat-color-icons-svg/collaboration.svg]
[html.kodesolution.live/s/autocarepress/v2.0/demo/images/flat-color-icons-svg/voice_presentation.svg]
[html.kodesolution.live/s/autocarepress/v2.0/demo/images/flat-color-icons-svg/conference_call.svg]
[html.kodesolution.live/s/autocarepress/v2.0/demo/images/flat-color-icons-svg/comments.svg]
[html.kodesolution.live/s/autocarepress/v2.0/demo/images/flat-color-icons-svg/faq.svg]
[html.kodesolution.live/s/autocarepress/v2.0/demo/images/flat-color-icons-svg/reuse.svg]
[html.kodesolution.live/s/autocarepress/v2.0/demo/images/flat-color-icons-svg/organization.svg]
[html.kodesolution.live/s/autocarepress/v2.0/demo/images/flat-color-icons-svg/department.svg]
[html.kodesolution.live/s/autocarepress/v2.0/demo/images/flat-color-icons-svg/library.svg]
[html.kodesolution.live/s/autocarepress/v2.0/demo/images/flat-color-icons-svg/shop.svg]
[html.kodesolution.live/s/autocarepress/v2.0/demo/images/flat-color-icons-svg/self_service_kiosk.svg]
[html.kodesolution.live/s/autocarepress/v2.0/demo/images/flat-color-icons-svg/donate.svg]
[html.kodesolution.live/s/autocarepress/v2.0/demo/images/flat-color-icons-svg/currency_exchange.svg]
[html.kodesolution.live/s/autocarepress/v2.0/demo/images/flat-color-icons-svg/debt.svg]
[html.kodesolution.live/s/autocarepress/v2.0/demo/images/flat-color-icons-svg/sales_performance.svg]
[html.kodesolution.live/s/autocarepress/v2.0/demo/images/flat-color-icons-svg/invite.svg]
[html.kodesolution.live/s/autocarepress/v2.0/demo/images/flat-color-icons-svg/money_transfer.svg]
[html.kodesolution.live/s/autocarepress/v2.0/demo/images/flat-color-icons-svg/feedback.svg]
[html.kodesolution.live/s/autocarepress/v2.0/demo/images/flat-color-icons-svg/approval.svg]
[html.kodesolution.live/s/autocarepress/v2.0/demo/images/flat-color-icons-svg/paid.svg]
[html.kodesolution.live/s/autocarepress/v2.0/demo/images/flat-color-icons-svg/in_transit.svg]
[html.kodesolution.live/s/autocarepress/v2.0/demo/images/flat-color-icons-svg/shipped.svg]
[html.kodesolution.live/s/autocarepress/v2.0/demo/images/flat-color-icons-svg/package.svg]
[html.kodesolution.live/s/autocarepress/v2.0/demo/images/flat-color-icons-svg/planner.svg]
[html.kodesolution.live/s/autocarepress/v2.0/demo/images/flat-color-icons-svg/overtime.svg]
[html.kodesolution.live/s/autocarepress/v2.0/demo/images/flat-color-icons-svg/leave.svg]
[html.kodesolution.live/s/autocarepress/v2.0/demo/images/flat-color-icons-svg/expired.svg]
[html.kodesolution.live/s/autocarepress/v2.0/demo/images/flat-color-icons-svg/process.svg]
[html.kodesolution.live/s/autocarepress/v2.0/demo/images/flat-color-icons-svg/diploma_1.svg]
[html.kodesolution.live/s/autocarepress/v2.0/demo/images/flat-color-icons-svg/diploma_2.svg]
[html.kodesolution.live/s/autocarepress/v2.0/demo/images/flat-color-icons-svg/business_contact.svg]
[html.kodesolution.live/s/autocarepress/v2.0/demo/images/flat-color-icons-svg/survey.svg]
[html.kodesolution.live/s/autocarepress/v2.0/demo/images/flat-color-icons-svg/inspection.svg]
[html.kodesolution.live/s/autocarepress/v2.0/demo/images/flat-color-icons-svg/rules.svg]
[html.kodesolution.live/s/autocarepress/v2.0/demo/images/flat-color-icons-svg/todo_list.svg]
[html.kodesolution.live/s/autocarepress/v2.0/demo/images/flat-color-icons-svg/ratings.svg]
[html.kodesolution.live/s/autocarepress/v2.0/demo/images/flat-color-icons-svg/questions.svg]
[html.kodesolution.live/s/autocarepress/v2.0/demo/images/flat-color-icons-svg/answers.svg]
[html.kodesolution.live/s/autocarepress/v2.0/demo/images/flat-color-icons-svg/fine_print.svg]
[html.kodesolution.live/s/autocarepress/v2.0/demo/images/flat-color-icons-svg/candle_sticks.svg]
[html.kodesolution.live/s/autocarepress/v2.0/demo/images/flat-color-icons-svg/serial_tasks.svg]
[html.kodesolution.live/s/autocarepress/v2.0/demo/images/flat-color-icons-svg/parallel_tasks.svg]
[html.kodesolution.live/s/autocarepress/v2.0/demo/images/flat-color-icons-svg/tree_structure.svg]
[html.kodesolution.live/s/autocarepress/v2.0/demo/images/flat-color-icons-svg/org_unit.svg]
[html.kodesolution.live/s/autocarepress/v2.0/demo/images/flat-color-icons-svg/privacy.svg]
[html.kodesolution.live/s/autocarepress/v2.0/demo/images/flat-color-icons-svg/disclaimer.svg]
[html.kodesolution.live/s/autocarepress/v2.0/demo/images/flat-color-icons-svg/callback.svg]
[html.kodesolution.live/s/autocarepress/v2.0/demo/images/flat-color-icons-svg/service_mark.svg]
[html.kodesolution.live/s/autocarepress/v2.0/demo/images/flat-color-icons-svg/registered_trademark.svg]
[html.kodesolution.live/s/autocarepress/v2.0/demo/images/flat-color-icons-svg/trademark.svg]
[html.kodesolution.live/s/autocarepress/v2.0/demo/images/flat-color-icons-svg/copyright.svg]
[html.kodesolution.live/s/autocarepress/v2.0/demo/images/flat-color-icons-svg/copyleft.svg]
[html.kodesolution.live/s/autocarepress/v2.0/demo/images/flat-color-icons-svg/sound_recording_copyright.svg]
[html.kodesolution.live/s/autocarepress/v2.0/demo/images/flat-color-icons-svg/butting_in.svg]
[html.kodesolution.live/s/autocarepress/v2.0/demo/images/flat-color-icons-svg/multiple_inputs.svg]
[html.kodesolution.live/s/autocarepress/v2.0/demo/images/flat-color-icons-svg/collect.svg]
[html.kodesolution.live/s/autocarepress/v2.0/demo/images/flat-color-icons-svg/internal.svg]
[html.kodesolution.live/s/autocarepress/v2.0/demo/images/flat-color-icons-svg/external.svg]
[html.kodesolution.live/s/autocarepress/v2.0/demo/images/flat-color-icons-svg/vip.svg]
[html.kodesolution.live/s/autocarepress/v2.0/demo/images/flat-color-icons-svg/light_at_the_end_of_tunnel.svg]
[html.kodesolution.live/s/autocarepress/v2.0/demo/images/flat-color-icons-svg/entering_heaven_alive.svg]
[html.kodesolution.live/s/autocarepress/v2.0/demo/images/flat-color-icons-svg/biomass.svg]
[html.kodesolution.live/s/autocarepress/v2.0/demo/images/flat-color-icons-svg/display.svg]
[html.kodesolution.live/s/autocarepress/v2.0/demo/images/flat-color-icons-svg/do_not_inhale.svg]
[html.kodesolution.live/s/autocarepress/v2.0/demo/images/flat-color-icons-svg/factory.svg]
[html.kodesolution.live/s/autocarepress/v2.0/demo/images/flat-color-icons-svg/factory_breakdown.svg]
[html.kodesolution.live/s/autocarepress/v2.0/demo/images/flat-color-icons-svg/crystal_oscillator.svg]
[html.kodesolution.live/s/autocarepress/v2.0/demo/images/flat-color-icons-svg/capacitor.svg]
[html.kodesolution.live/s/autocarepress/v2.0/demo/images/flat-color-icons-svg/electricity.svg]
[html.kodesolution.live/s/autocarepress/v2.0/demo/images/flat-color-icons-svg/electro_devices.svg]
[html.kodesolution.live/s/autocarepress/v2.0/demo/images/flat-color-icons-svg/electrical_sensor.svg]
[html.kodesolution.live/s/autocarepress/v2.0/demo/images/flat-color-icons-svg/electrical_threshold.svg]
[html.kodesolution.live/s/autocarepress/v2.0/demo/images/flat-color-icons-svg/automotive.svg]
[html.kodesolution.live/s/autocarepress/v2.0/demo/images/flat-color-icons-svg/feed_in.svg]
[html.kodesolution.live/s/autocarepress/v2.0/demo/images/flat-color-icons-svg/dam.svg]
[html.kodesolution.live/s/autocarepress/v2.0/demo/images/flat-color-icons-svg/biotech.svg]
[html.kodesolution.live/s/autocarepress/v2.0/demo/images/flat-color-icons-svg/advance.svg]
[html.kodesolution.live/s/autocarepress/v2.0/demo/images/flat-color-icons-svg/cloth.svg]
[html.kodesolution.live/s/autocarepress/v2.0/demo/images/flat-color-icons-svg/electronics.svg]
[html.kodesolution.live/s/autocarepress/v2.0/demo/images/flat-color-icons-svg/deployment.svg]
[html.kodesolution.live/s/autocarepress/v2.0/demo/images/flat-color-icons-svg/automatic.svg]
[html.kodesolution.live/s/autocarepress/v2.0/demo/images/flat-color-icons-svg/do_not_insert.svg]
[html.kodesolution.live/s/autocarepress/v2.0/demo/images/flat-color-icons-svg/do_not_mix.svg]
[html.kodesolution.live/s/autocarepress/v2.0/demo/images/flat-color-icons-svg/biohazard.svg]
[html.kodesolution.live/s/autocarepress/v2.0/demo/images/flat-color-icons-svg/circuit.svg]
[html.kodesolution.live/s/autocarepress/v2.0/demo/images/flat-color-icons-svg/engineering.svg]
[html.kodesolution.live/s/autocarepress/v2.0/demo/images/flat-color-icons-svg/cell_phone.svg]
[html.kodesolution.live/s/autocarepress/v2.0/demo/images/flat-color-icons-svg/iphone.svg]
[html.kodesolution.live/s/autocarepress/v2.0/demo/images/flat-color-icons-svg/ipad.svg]
[html.kodesolution.live/s/autocarepress/v2.0/demo/images/flat-color-icons-svg/phone_android.svg]
[html.kodesolution.live/s/autocarepress/v2.0/demo/images/flat-color-icons-svg/tablet_android.svg]
[html.kodesolution.live/s/autocarepress/v2.0/demo/images/flat-color-icons-svg/nook.svg]
[html.kodesolution.live/s/autocarepress/v2.0/demo/images/flat-color-icons-svg/kindle.svg]
[html.kodesolution.live/s/autocarepress/v2.0/demo/images/flat-color-icons-svg/two_smartphones.svg]
[html.kodesolution.live/s/autocarepress/v2.0/demo/images/flat-color-icons-svg/multiple_devices.svg]
[html.kodesolution.live/s/autocarepress/v2.0/demo/images/flat-color-icons-svg/multiple_smartphones.svg]
[html.kodesolution.live/s/autocarepress/v2.0/demo/images/flat-color-icons-svg/smartphone_tablet.svg]
[html.kodesolution.live/s/autocarepress/v2.0/demo/images/flat-color-icons-svg/touchscreen_smartphone.svg]
[html.kodesolution.live/s/autocarepress/v2.0/demo/images/flat-color-icons-svg/sim_card.svg]
[html.kodesolution.live/s/autocarepress/v2.0/demo/images/flat-color-icons-svg/sim_card_chip.svg]
[html.kodesolution.live/s/autocarepress/v2.0/demo/images/flat-color-icons-svg/sms.svg]
[html.kodesolution.live/s/autocarepress/v2.0/demo/images/flat-color-icons-svg/mms.svg]
[html.kodesolution.live/s/autocarepress/v2.0/demo/images/flat-color-icons-svg/charge_battery.svg]
[html.kodesolution.live/s/autocarepress/v2.0/demo/images/flat-color-icons-svg/full_battery.svg]
[html.kodesolution.live/s/autocarepress/v2.0/demo/images/flat-color-icons-svg/high_battery.svg]
[html.kodesolution.live/s/autocarepress/v2.0/demo/images/flat-color-icons-svg/middle_battery.svg]
[html.kodesolution.live/s/autocarepress/v2.0/demo/images/flat-color-icons-svg/low_battery.svg]
[html.kodesolution.live/s/autocarepress/v2.0/demo/images/flat-color-icons-svg/empty_battery.svg]
[html.kodesolution.live/s/autocarepress/v2.0/demo/images/flat-color-icons-svg/phone.svg]
[html.kodesolution.live/s/autocarepress/v2.0/demo/images/flat-color-icons-svg/missed_call.svg]
[html.kodesolution.live/s/autocarepress/v2.0/demo/images/flat-color-icons-svg/end_call.svg]
[html.kodesolution.live/s/autocarepress/v2.0/demo/images/flat-color-icons-svg/call_transfer.svg]
[html.kodesolution.live/s/autocarepress/v2.0/demo/images/flat-color-icons-svg/video_call.svg]
[html.kodesolution.live/s/autocarepress/v2.0/demo/images/flat-color-icons-svg/no_video.svg]
[html.kodesolution.live/s/autocarepress/v2.0/demo/images/flat-color-icons-svg/rotate_to_portrait.svg]
[html.kodesolution.live/s/autocarepress/v2.0/demo/images/flat-color-icons-svg/lock_portrait.svg]
[html.kodesolution.live/s/autocarepress/v2.0/demo/images/flat-color-icons-svg/rotate_to_landscape.svg]
[html.kodesolution.live/s/autocarepress/v2.0/demo/images/flat-color-icons-svg/lock_landscape.svg]
[html.kodesolution.live/s/autocarepress/v2.0/demo/images/flat-color-icons-svg/voicemail.svg]
[html.kodesolution.live/s/autocarepress/v2.0/demo/images/flat-color-icons-svg/speaker.svg]
[html.kodesolution.live/s/autocarepress/v2.0/demo/images/flat-color-icons-svg/headset.svg]
[html.kodesolution.live/s/autocarepress/v2.0/demo/images/flat-color-icons-svg/left_up.svg]
[html.kodesolution.live/s/autocarepress/v2.0/demo/images/flat-color-icons-svg/up.svg]
[html.kodesolution.live/s/autocarepress/v2.0/demo/images/flat-color-icons-svg/right_up.svg]
[html.kodesolution.live/s/autocarepress/v2.0/demo/images/flat-color-icons-svg/left.svg]
[html.kodesolution.live/s/autocarepress/v2.0/demo/images/flat-color-icons-svg/right.svg]
[html.kodesolution.live/s/autocarepress/v2.0/demo/images/flat-color-icons-svg/left_down.svg]
[html.kodesolution.live/s/autocarepress/v2.0/demo/images/flat-color-icons-svg/down.svg]
[html.kodesolution.live/s/autocarepress/v2.0/demo/images/flat-color-icons-svg/right_down.svg]
[html.kodesolution.live/s/autocarepress/v2.0/demo/images/flat-color-icons-svg/collapse.svg]
[html.kodesolution.live/s/autocarepress/v2.0/demo/images/flat-color-icons-svg/previous.svg]
[html.kodesolution.live/s/autocarepress/v2.0/demo/images/flat-color-icons-svg/next.svg]
[html.kodesolution.live/s/autocarepress/v2.0/demo/images/flat-color-icons-svg/expand.svg]
[html.kodesolution.live/s/autocarepress/v2.0/demo/images/flat-color-icons-svg/left_down2.svg]
[html.kodesolution.live/s/autocarepress/v2.0/demo/images/flat-color-icons-svg/up_left.svg]
[html.kodesolution.live/s/autocarepress/v2.0/demo/images/flat-color-icons-svg/down_right.svg]
[html.kodesolution.live/s/autocarepress/v2.0/demo/images/flat-color-icons-svg/right_up2.svg]
[html.kodesolution.live/s/autocarepress/v2.0/demo/images/flat-color-icons-svg/up_right.svg]
[html.kodesolution.live/s/autocarepress/v2.0/demo/images/flat-color-icons-svg/right_down2.svg]
[html.kodesolution.live/s/autocarepress/v2.0/demo/images/flat-color-icons-svg/left_up2.svg]
[html.kodesolution.live/s/autocarepress/v2.0/demo/images/flat-color-icons-svg/down_left.svg]
[html.kodesolution.live/s/autocarepress/v2.0/demo/images/flat-color-icons-svg/undo.svg]
[html.kodesolution.live/s/autocarepress/v2.0/demo/images/flat-color-icons-svg/redo.svg]
[html.kodesolution.live/s/autocarepress/v2.0/demo/images/flat-color-icons-svg/filing_cabinet.svg]
[html.kodesolution.live/s/autocarepress/v2.0/demo/images/flat-color-icons-svg/database.svg]
[html.kodesolution.live/s/autocarepress/v2.0/demo/images/flat-color-icons-svg/accept_database.svg]
[html.kodesolution.live/s/autocarepress/v2.0/demo/images/flat-color-icons-svg/add_database.svg]
[html.kodesolution.live/s/autocarepress/v2.0/demo/images/flat-color-icons-svg/delete_database.svg]
[html.kodesolution.live/s/autocarepress/v2.0/demo/images/flat-color-icons-svg/data_backup.svg]
[html.kodesolution.live/s/autocarepress/v2.0/demo/images/flat-color-icons-svg/data_recovery.svg]
[html.kodesolution.live/s/autocarepress/v2.0/demo/images/flat-color-icons-svg/data_configuration.svg]
[html.kodesolution.live/s/autocarepress/v2.0/demo/images/flat-color-icons-svg/data_encryption.svg]
[html.kodesolution.live/s/autocarepress/v2.0/demo/images/flat-color-icons-svg/data_protection.svg]
[html.kodesolution.live/s/autocarepress/v2.0/demo/images/flat-color-icons-svg/grid.svg]
[html.kodesolution.live/s/autocarepress/v2.0/demo/images/flat-color-icons-svg/data_sheet.svg]
[html.kodesolution.live/s/autocarepress/v2.0/demo/images/flat-color-icons-svg/add_column.svg]
[html.kodesolution.live/s/autocarepress/v2.0/demo/images/flat-color-icons-svg/delete_column.svg]
[html.kodesolution.live/s/autocarepress/v2.0/demo/images/flat-color-icons-svg/add_row.svg]
[html.kodesolution.live/s/autocarepress/v2.0/demo/images/flat-color-icons-svg/delete_row.svg]
[html.kodesolution.live/s/autocarepress/v2.0/demo/images/flat-color-icons-svg/generic_sorting_asc.svg]
[html.kodesolution.live/s/autocarepress/v2.0/demo/images/flat-color-icons-svg/generic_sorting_desc.svg]
[html.kodesolution.live/s/autocarepress/v2.0/demo/images/flat-color-icons-svg/alphabetical_sorting_az.svg]
[html.kodesolution.live/s/autocarepress/v2.0/demo/images/flat-color-icons-svg/alphabetical_sorting_za.svg]
[html.kodesolution.live/s/autocarepress/v2.0/demo/images/flat-color-icons-svg/numerical_sorting_21.svg]
[html.kodesolution.live/s/autocarepress/v2.0/demo/images/flat-color-icons-svg/numerical_sorting_12.svg]
[html.kodesolution.live/s/autocarepress/v2.0/demo/images/flat-color-icons-svg/empty_filter.svg]
[html.kodesolution.live/s/autocarepress/v2.0/demo/images/flat-color-icons-svg/filled_filter.svg]
[html.kodesolution.live/s/autocarepress/v2.0/demo/images/flat-color-icons-svg/clear_filters.svg]
[html.kodesolution.live/s/autocarepress/v2.0/demo/images/flat-color-icons-svg/pie_chart.svg]
[html.kodesolution.live/s/autocarepress/v2.0/demo/images/flat-color-icons-svg/radar_plot.svg]
[html.kodesolution.live/s/autocarepress/v2.0/demo/images/flat-color-icons-svg/heat_map.svg]
[html.kodesolution.live/s/autocarepress/v2.0/demo/images/flat-color-icons-svg/timeline.svg]
[html.kodesolution.live/s/autocarepress/v2.0/demo/images/flat-color-icons-svg/bar_chart.svg]
[html.kodesolution.live/s/autocarepress/v2.0/demo/images/flat-color-icons-svg/area_chart.svg]
[html.kodesolution.live/s/autocarepress/v2.0/demo/images/flat-color-icons-svg/scatter_plot.svg]
[html.kodesolution.live/s/autocarepress/v2.0/demo/images/flat-color-icons-svg/doughnut_chart.svg]
[html.kodesolution.live/s/autocarepress/v2.0/demo/images/flat-color-icons-svg/combo_chart.svg]
[html.kodesolution.live/s/autocarepress/v2.0/demo/images/flat-color-icons-svg/flow_chart.svg]
[html.kodesolution.live/s/autocarepress/v2.0/demo/images/flat-color-icons-svg/line_chart.svg]
[html.kodesolution.live/s/autocarepress/v2.0/demo/images/flat-color-icons-svg/genealogy.svg]
[html.kodesolution.live/s/autocarepress/v2.0/demo/images/flat-color-icons-svg/mind_map.svg]
[html.kodesolution.live/s/autocarepress/v2.0/demo/images/flat-color-icons-svg/workflow.svg]
[html.kodesolution.live/s/autocarepress/v2.0/demo/images/flat-color-icons-svg/positive_dynamic.svg]
[html.kodesolution.live/s/autocarepress/v2.0/demo/images/flat-color-icons-svg/negative_dynamic.svg]
[html.kodesolution.live/s/autocarepress/v2.0/demo/images/flat-color-icons-svg/export.svg]
[html.kodesolution.live/s/autocarepress/v2.0/demo/images/flat-color-icons-svg/import.svg]
[html.kodesolution.live/s/autocarepress/v2.0/demo/images/flat-color-icons-svg/list.svg]
[html.kodesolution.live/s/autocarepress/v2.0/demo/images/flat-color-icons-svg/template.svg]
[html.kodesolution.live/s/autocarepress/v2.0/demo/images/flat-color-icons-svg/view_details.svg]
[html.kodesolution.live/s/autocarepress/v2.0/demo/fonts/Stroke-Gap-Icons.eot]
[html.kodesolution.live/s/autocarepress/v2.0/demo/css/stroke-gap-icons.css]
[html.kodesolution.live/s/autocarepress/v2.0/demo/shortcode-image-box.html]
[html.kodesolution.live/s/autocarepress/v2.0/demo/{{image}}.html]
[html.kodesolution.live/s/autocarepress/v2.0/demo/shortcode-media-embed.html]
[html.kodesolution.live/s/autocarepress/v2.0/demo/%url%.html]
[html.kodesolution.live/s/autocarepress/v2.0/demo/'+item.el.html]
[html.kodesolution.live/s/autocarepress/v2.0/demo/images/portfolio/1.html]
[html.kodesolution.live/s/autocarepress/v2.0/demo/images/portfolio/2.html]
[html.kodesolution.live/s/autocarepress/v2.0/demo/images/portfolio/3.html]
[html.kodesolution.live/s/autocarepress/v2.0/demo/shortcode-sitemap.html]
[html.kodesolution.live/s/autocarepress/v2.0/demo/shortcode-twitter.html]
[html.kodesolution.live/s/autocarepress/v2.0/demo/js/vertical-timeline/img/cd-icon-picture.svg]
[html.kodesolution.live/s/autocarepress/v2.0/demo/js/vertical-timeline/img/cd-icon-movie.svg]
[html.kodesolution.live/s/autocarepress/v2.0/demo/js/vertical-timeline/img/cd-icon-location.svg]
[html.kodesolution.live/s/autocarepress/v2.0/demo/images/logo-square-black.html]
[html.kodesolution.live/s/autocarepress/v2.0/demo/images/logo-square.html]
[html.kodesolution.live/s/autocarepress/v2.0/demo/ajax-load/images/payment-card-logo-sm.html]
[html.kodesolution.live/s/autocarepress/v2.0/demo/fonts/ElegantIcons.svg]
[html.kodesolution.live/s/autocarepress/v2.0/demo/images/gallery/8jpg]
[pc1/themeforest/revslider/assets/images/newspaper_bg1.jpg]
[pc1/themeforest/revslider/assets/images/bluebar.png]
[pc1/themeforest/revslider/assets/images/newspaper_bg3.jpg]
[pc1/themeforest/revslider/assets/images/newspaper_bg2.jpg]
[pc1/themeforest/revslider/assets/images/newscarousel4.jpg]
